<?xml version="1.0" encoding="UTF-8"?>
<robot generator="Robot 7.3.2 (Python 3.9.6 on darwin)" generated="2025-08-08T15:10:55.568649" rpa="false" schemaversion="5">
<suite id="s1" name="CheckoutTestcal" source="/Users/apple/Downloads/School/PycharmProjects/BizBookly/Tests/Checkout/CheckoutTestcal.robot">
<kw name="Basic Setup Android" owner="Common" type="SETUP">
<kw name="Open Application" owner="AppiumLibrary">
<arg>${APPIUM_SERVER_URL}</arg>
<arg>platformName=${PLATFORM_NAME_Android}</arg>
<arg>appium:automationName=${AUTOMATION_NAME_Android}</arg>
<arg>appium:device=${UDID_Android}</arg>
<arg>appium:appPackage=${APP_PACKAGE}</arg>
<arg>appium:appActivity=${APP_ACTIVITY}</arg>
<arg>noReset=true</arg>
<arg>autoGrantPermissions=true</arg>
<doc>Opens a new application to given Appium server.
Capabilities of appium server, Android and iOS,
Please check https://appium.io/docs/en/2.1/cli/args/
| *Option*            | *Man.* | *Description*     |
| remote_url          | Yes    | Appium server url |
| alias               | no     | alias             |
| strict_ssl          | No     | allows you to send commands to an invalid certificate host like a self-signed one. |</doc>
<status status="PASS" start="2025-08-08T15:10:55.719368" elapsed="5.469182"/>
</kw>
<status status="PASS" start="2025-08-08T15:10:55.718556" elapsed="5.471163"/>
</kw>
<test id="s1-t1" name="Verify Checkout Giftcard with discount percentage and Send email" line="247">
<kw name="Given Find and choose Technician" owner="Common">
<for flavor="IN RANGE">
<iter>
<kw name="Run Keyword And Return Status" owner="BuiltIn">
<kw name="Element Should Be Visible" owner="AppiumLibrary">
<msg time="2025-08-08T15:11:02.071246" level="INFO">xpath criteria: //android.view.View[contains(@content-desc, "caisse")]</msg>
<arg>//android.view.View[contains(@content-desc, "${Technician}")]</arg>
<doc>Verifies that element identified with locator is visible.</doc>
<status status="PASS" start="2025-08-08T15:11:01.194091" elapsed="0.879434"/>
</kw>
<msg time="2025-08-08T15:11:02.073941" level="INFO">${exists} = True</msg>
<var>${exists}</var>
<arg>AppiumLibrary.Element Should Be Visible</arg>
<arg>//android.view.View[contains(@content-desc, "${Technician}")]</arg>
<doc>Runs the given keyword with given arguments and returns the status as a Boolean value.</doc>
<status status="PASS" start="2025-08-08T15:11:01.193561" elapsed="0.880520"/>
</kw>
<kw name="Exit For Loop If" owner="BuiltIn">
<msg time="2025-08-08T15:11:02.075300" level="INFO">Exiting for loop altogether.</msg>
<arg>${exists}</arg>
<doc>Stops executing the enclosing FOR loop if the ``condition`` is true.</doc>
<status status="PASS" start="2025-08-08T15:11:02.074622" elapsed="0.002306"/>
</kw>
<kw name="Click Element" owner="AppiumLibrary">
<arg>//android.view.View[@content-desc="Next Page"]</arg>
<doc>Click element identified by `locator`.</doc>
<status status="NOT RUN" start="2025-08-08T15:11:02.077839" elapsed="0.000352"/>
</kw>
<kw name="Sleep" owner="BuiltIn">
<arg>0.5s</arg>
<doc>Pauses the test executed for the given time.</doc>
<status status="NOT RUN" start="2025-08-08T15:11:02.078902" elapsed="0.000610"/>
</kw>
<var name="${i}">0</var>
<status status="PASS" start="2025-08-08T15:11:01.193141" elapsed="0.886679"/>
</iter>
<var>${i}</var>
<value>20</value>
<status status="PASS" start="2025-08-08T15:11:01.192662" elapsed="0.887503"/>
</for>
<kw name="Get Element Attribute" owner="AppiumLibrary">
<msg time="2025-08-08T15:11:02.409780" level="INFO">Element '//android.view.View[contains(@content-desc, "caisse")]' attribute 'content-desc' value 'caisse
1 Hour 50 Min
 0 Min' </msg>
<msg time="2025-08-08T15:11:02.410599" level="INFO">xpath criteria: //android.view.View[contains(@content-desc, "caisse")]</msg>
<msg time="2025-08-08T15:11:02.411129" level="INFO">${Actual_technician} = caisse
1 Hour 50 Min
 0 Min</msg>
<var>${Actual_technician}</var>
<arg>//android.view.View[contains(@content-desc, "${Technician}")]</arg>
<arg>content-desc</arg>
<doc>Get element attribute using given attribute: name, value,...</doc>
<status status="PASS" start="2025-08-08T15:11:02.080831" elapsed="0.330551"/>
</kw>
<kw name="Should Contain" owner="BuiltIn">
<arg>${Actual_technician}</arg>
<arg>${Technician}</arg>
<doc>Fails if ``container`` does not contain ``item`` one or more times.</doc>
<status status="PASS" start="2025-08-08T15:11:02.411919" elapsed="0.000687"/>
</kw>
<kw name="Click Element" owner="AppiumLibrary">
<msg time="2025-08-08T15:11:02.417218" level="INFO">Clicking element '//android.view.View[contains(@content-desc, "caisse")]'.</msg>
<msg time="2025-08-08T15:11:02.809574" level="INFO">xpath criteria: //android.view.View[contains(@content-desc, "caisse")]</msg>
<arg>//android.view.View[contains(@content-desc, "${Technician}")]</arg>
<doc>Click element identified by `locator`.</doc>
<status status="PASS" start="2025-08-08T15:11:02.412943" elapsed="0.397546"/>
</kw>
<arg>caisse</arg>
<status status="PASS" start="2025-08-08T15:11:01.191946" elapsed="1.619196"/>
</kw>
<kw name="When Select service and add on &amp; apply voucher">
<kw name="Get Webelements" owner="AppiumLibrary">
<msg time="2025-08-08T15:11:03.428242" level="INFO">xpath criteria: //android.view.View[8]//android.view.View[contains(@content-desc, "$") and @clickable="true"]</msg>
<msg time="2025-08-08T15:11:03.430176" level="INFO">${service_list} = [&lt;appium.webdriver.webelement.WebElement (session="f6aeea75-c851-448b-98e7-97a9400d73f8", element="00000000-0000-0244-0000-23ff00000003")&gt;, &lt;appium.webdriver.webelement.WebElement (session="f6aeea75-c...</msg>
<var>${service_list}</var>
<arg>xpath=//android.view.View[8]//android.view.View[contains(@content-desc, "$") and @clickable="true"]</arg>
<doc>Returns list of [http://selenium-python.readthedocs.io/api.html#module-selenium.webdriver.remote.webelement|WebElement] objects matching ``locator``.</doc>
<status status="PASS" start="2025-08-08T15:11:02.816844" elapsed="0.613650"/>
</kw>
<kw name="Get Webelements" owner="AppiumLibrary">
<msg time="2025-08-08T15:11:03.653162" level="INFO">xpath criteria: //android.view.View[10]/android.view.View//android.view.View[contains(@content-desc, "$") and @clickable="true"]</msg>
<msg time="2025-08-08T15:11:03.654386" level="INFO">${add_on_list} = [&lt;appium.webdriver.webelement.WebElement (session="f6aeea75-c851-448b-98e7-97a9400d73f8", element="00000000-0000-0244-0000-241900000003")&gt;, &lt;appium.webdriver.webelement.WebElement (session="f6aeea75-c...</msg>
<var>${add_on_list}</var>
<arg>xpath=//android.view.View[10]/android.view.View//android.view.View[contains(@content-desc, "$") and @clickable="true"]</arg>
<doc>Returns list of [http://selenium-python.readthedocs.io/api.html#module-selenium.webdriver.remote.webelement|WebElement] objects matching ``locator``.</doc>
<status status="PASS" start="2025-08-08T15:11:03.431717" elapsed="0.222931"/>
</kw>
<kw name="Get Length" owner="BuiltIn">
<msg time="2025-08-08T15:11:03.656313" level="INFO">Length is 12.</msg>
<msg time="2025-08-08T15:11:03.656659" level="INFO">${count_service} = 12</msg>
<var>${count_service}</var>
<arg>${service_list}</arg>
<doc>Returns and logs the length of the given item as an integer.</doc>
<status status="PASS" start="2025-08-08T15:11:03.655683" elapsed="0.001166"/>
</kw>
<kw name="Get Length" owner="BuiltIn">
<msg time="2025-08-08T15:11:03.657835" level="INFO">Length is 4.</msg>
<msg time="2025-08-08T15:11:03.658371" level="INFO">${count_add_on} = 4</msg>
<var>${count_add_on}</var>
<arg>${add_on_list}</arg>
<doc>Returns and logs the length of the given item as an integer.</doc>
<status status="PASS" start="2025-08-08T15:11:03.657203" elapsed="0.001422"/>
</kw>
<kw name="Log" owner="BuiltIn">
<msg time="2025-08-08T15:11:03.659944" level="INFO">Số lượng service thực sự tìm thấy: 12</msg>
<arg>Số lượng service thực sự tìm thấy: ${count_service}</arg>
<doc>Logs the given message with the given level.</doc>
<status status="PASS" start="2025-08-08T15:11:03.659377" elapsed="0.000855"/>
</kw>
<kw name="Log" owner="BuiltIn">
<msg time="2025-08-08T15:11:03.660997" level="INFO">Số lượng add on thực sự tìm thấy: 4</msg>
<arg>Số lượng add on thực sự tìm thấy: ${count_add_on}</arg>
<doc>Logs the given message with the given level.</doc>
<status status="PASS" start="2025-08-08T15:11:03.660584" elapsed="0.000769"/>
</kw>
<kw name="Run Keyword If" owner="BuiltIn">
<arg>${count_service} &lt; ${number_of_services}</arg>
<arg>Fail</arg>
<arg>Không đủ service thực sự để chọn ${number_of_services} dịch vụ!</arg>
<doc>Runs the given keyword with the given arguments, if ``condition`` is true.</doc>
<status status="PASS" start="2025-08-08T15:11:03.661743" elapsed="0.000889"/>
</kw>
<kw name="Run Keyword If" owner="BuiltIn">
<arg>${count_add_on} &lt; ${number_of_add_ons}</arg>
<arg>Fail</arg>
<arg>Không đủ add on thực sự để chọn ${number_of_add_ons} add on!</arg>
<doc>Runs the given keyword with the given arguments, if ``condition`` is true.</doc>
<status status="PASS" start="2025-08-08T15:11:03.663018" elapsed="0.000679"/>
</kw>
<kw name="Evaluate" owner="BuiltIn">
<msg time="2025-08-08T15:11:03.664987" level="INFO">${indexes_service} = [11, 0]</msg>
<var>${indexes_service}</var>
<arg>random.sample(range(${count_service}), ${number_of_services})</arg>
<arg>modules=random</arg>
<doc>Evaluates the given expression in Python and returns the result.</doc>
<status status="PASS" start="2025-08-08T15:11:03.664103" elapsed="0.001105"/>
</kw>
<kw name="Evaluate" owner="BuiltIn">
<msg time="2025-08-08T15:11:03.666275" level="INFO">${indexes_add_on} = [0, 1]</msg>
<var>${indexes_add_on}</var>
<arg>random.sample(range(${count_add_on}), ${number_of_add_ons})</arg>
<arg>modules=random</arg>
<doc>Evaluates the given expression in Python and returns the result.</doc>
<status status="PASS" start="2025-08-08T15:11:03.665563" elapsed="0.000908"/>
</kw>
<kw name="Create List" owner="BuiltIn">
<msg time="2025-08-08T15:11:03.667270" level="INFO">${selected_service_texts} = []</msg>
<var>${selected_service_texts}</var>
<doc>Returns a list containing given items.</doc>
<status status="PASS" start="2025-08-08T15:11:03.666830" elapsed="0.000623"/>
</kw>
<kw name="Create List" owner="BuiltIn">
<msg time="2025-08-08T15:11:03.668316" level="INFO">${selected_add_on_texts} = []</msg>
<var>${selected_add_on_texts}</var>
<doc>Returns a list containing given items.</doc>
<status status="PASS" start="2025-08-08T15:11:03.667895" elapsed="0.000618"/>
</kw>
<kw name="Set Variable" owner="BuiltIn">
<msg time="2025-08-08T15:11:03.670076" level="INFO">${subtotal_before_discount_service} = 0.0</msg>
<var>${subtotal_before_discount_service}</var>
<arg>${0.0}</arg>
<doc>Returns the given values which can then be assigned to a variables.</doc>
<status status="PASS" start="2025-08-08T15:11:03.668832" elapsed="0.001404"/>
</kw>
<kw name="Set Variable" owner="BuiltIn">
<msg time="2025-08-08T15:11:03.671569" level="INFO">${subtotal_before_discount_list_of_add_ons} = 0.0</msg>
<var>${subtotal_before_discount_list_of_add_ons}</var>
<arg>${0.0}</arg>
<doc>Returns the given values which can then be assigned to a variables.</doc>
<status status="PASS" start="2025-08-08T15:11:03.670509" elapsed="0.001214"/>
</kw>
<kw name="Set Variable" owner="BuiltIn">
<msg time="2025-08-08T15:11:03.673063" level="INFO">${total_tax_value} = 0.0</msg>
<var>${total_tax_value}</var>
<arg>${0.0}</arg>
<doc>Returns the given values which can then be assigned to a variables.</doc>
<status status="PASS" start="2025-08-08T15:11:03.671983" elapsed="0.001230"/>
</kw>
<kw name="Set Variable" owner="BuiltIn">
<msg time="2025-08-08T15:11:03.674653" level="INFO">${random_discount} = 0.0</msg>
<var>${random_discount}</var>
<arg>${0.0}</arg>
<doc>Returns the given values which can then be assigned to a variables.</doc>
<status status="PASS" start="2025-08-08T15:11:03.673470" elapsed="0.001353"/>
</kw>
<for flavor="IN">
<iter>
<kw name="Get From List" owner="Collections">
<msg time="2025-08-08T15:11:03.676206" level="INFO">${service_element} = &lt;appium.webdriver.webelement.WebElement (session="f6aeea75-c851-448b-98e7-97a9400d73f8", element="00000000-0000-0244-0000-241500000003")&gt;</msg>
<var>${service_element}</var>
<arg>${service_list}</arg>
<arg>${index}</arg>
<doc>Returns the value specified with an ``index`` from ``list``.</doc>
<status status="PASS" start="2025-08-08T15:11:03.675716" elapsed="0.000657"/>
</kw>
<kw name="Get Element Attribute" owner="AppiumLibrary">
<msg time="2025-08-08T15:11:03.734417" level="INFO">Element '&lt;appium.webdriver.webelement.WebElement (session="f6aeea75-c851-448b-98e7-97a9400d73f8", element="00000000-0000-0244-0000-241500000003")&gt;' attribute 'content-desc' value 'Dip Ombre
50 mins
$50.00' </msg>
<msg time="2025-08-08T15:11:03.734776" level="INFO">${service_text} = Dip Ombre
50 mins
$50.00</msg>
<var>${service_text}</var>
<arg>${service_element}</arg>
<arg>content-desc</arg>
<doc>Get element attribute using given attribute: name, value,...</doc>
<status status="PASS" start="2025-08-08T15:11:03.676660" elapsed="0.058251"/>
</kw>
<kw name="Log" owner="BuiltIn">
<msg time="2025-08-08T15:11:03.735544" level="INFO">Đã chọn Service: Dip Ombre
50 mins
$50.00</msg>
<arg>Đã chọn Service: ${service_text}</arg>
<doc>Logs the given message with the given level.</doc>
<status status="PASS" start="2025-08-08T15:11:03.735219" elapsed="0.000495"/>
</kw>
<kw name="Append To List" owner="Collections">
<arg>${selected_service_texts}</arg>
<arg>${service_text}</arg>
<doc>Adds ``values`` to the end of ``list``.</doc>
<status status="PASS" start="2025-08-08T15:11:03.735942" elapsed="0.000350"/>
</kw>
<kw name="Click Element" owner="AppiumLibrary">
<msg time="2025-08-08T15:11:03.739994" level="INFO">Clicking element '&lt;appium.webdriver.webelement.WebElement (session="f6aeea75-c851-448b-98e7-97a9400d73f8", element="00000000-0000-0244-0000-241500000003")&gt;'.</msg>
<arg>${service_element}</arg>
<doc>Click element identified by `locator`.</doc>
<status status="PASS" start="2025-08-08T15:11:03.736524" elapsed="0.071406"/>
</kw>
<kw name="Get Amount Value From Service Desc">
<kw name="Split String" owner="String">
<msg time="2025-08-08T15:11:03.809768" level="INFO">${lines} = ['Dip Ombre', '50 mins', '$50.00']</msg>
<var>${lines}</var>
<arg>${desc}</arg>
<arg>\n</arg>
<doc>Splits the ``string`` using ``separator`` as a delimiter string.</doc>
<status status="PASS" start="2025-08-08T15:11:03.809275" elapsed="0.000694"/>
</kw>
<kw name="Strip String" owner="String">
<msg time="2025-08-08T15:11:03.810835" level="INFO">${amount_str} = $50.00</msg>
<var>${amount_str}</var>
<arg>${lines}[-1]</arg>
<doc>Remove leading and/or trailing whitespaces from the given string.</doc>
<status status="PASS" start="2025-08-08T15:11:03.810306" elapsed="0.000714"/>
</kw>
<kw name="Evaluate" owner="BuiltIn">
<msg time="2025-08-08T15:11:03.816801" level="INFO">${price_match} = ['50.00']</msg>
<var>${price_match}</var>
<arg>re.findall(r"\\$([0-9]+\\.[0-9]{2})", '''${amount_str}''')</arg>
<arg>modules=re</arg>
<doc>Evaluates the given expression in Python and returns the result.</doc>
<status status="PASS" start="2025-08-08T15:11:03.811319" elapsed="0.005675"/>
</kw>
<kw name="Run Keyword If" owner="BuiltIn">
<arg>${price_match} == []</arg>
<arg>Fail</arg>
<arg>Không tìm thấy giá trong amount: ${amount_str}</arg>
<doc>Runs the given keyword with the given arguments, if ``condition`` is true.</doc>
<status status="PASS" start="2025-08-08T15:11:03.817309" elapsed="0.000408"/>
</kw>
<kw name="Evaluate" owner="BuiltIn">
<msg time="2025-08-08T15:11:03.819352" level="INFO">${price_value} = 50.0</msg>
<var>${price_value}</var>
<arg>float(${price_match[0]})</arg>
<doc>Evaluates the given expression in Python and returns the result.</doc>
<status status="PASS" start="2025-08-08T15:11:03.817996" elapsed="0.001521"/>
</kw>
<return>
<value>${price_value}</value>
<status status="PASS" start="2025-08-08T15:11:03.819705" elapsed="0.000183"/>
</return>
<msg time="2025-08-08T15:11:03.820198" level="INFO">${price} = 50.0</msg>
<var>${price}</var>
<arg>${service_text}</arg>
<status status="PASS" start="2025-08-08T15:11:03.808525" elapsed="0.011825"/>
</kw>
<kw name="Evaluate" owner="BuiltIn">
<msg time="2025-08-08T15:11:03.821358" level="INFO">${subtotal_before_discount_service} = 50.0</msg>
<var>${subtotal_before_discount_service}</var>
<arg>${subtotal_before_discount_service} + ${price}</arg>
<doc>Evaluates the given expression in Python and returns the result.</doc>
<status status="PASS" start="2025-08-08T15:11:03.820705" elapsed="0.000791"/>
</kw>
<kw name="Log" owner="BuiltIn">
<msg time="2025-08-08T15:11:03.822004" level="INFO">50.0</msg>
<arg>${subtotal_before_discount_service}</arg>
<doc>Logs the given message with the given level.</doc>
<status status="PASS" start="2025-08-08T15:11:03.821728" elapsed="0.000435"/>
</kw>
<var name="${index}">11</var>
<status status="PASS" start="2025-08-08T15:11:03.675438" elapsed="0.146848"/>
</iter>
<iter>
<kw name="Get From List" owner="Collections">
<msg time="2025-08-08T15:11:03.823135" level="INFO">${service_element} = &lt;appium.webdriver.webelement.WebElement (session="f6aeea75-c851-448b-98e7-97a9400d73f8", element="00000000-0000-0244-0000-23ff00000003")&gt;</msg>
<var>${service_element}</var>
<arg>${service_list}</arg>
<arg>${index}</arg>
<doc>Returns the value specified with an ``index`` from ``list``.</doc>
<status status="PASS" start="2025-08-08T15:11:03.822756" elapsed="0.000577"/>
</kw>
<kw name="Get Element Attribute" owner="AppiumLibrary">
<msg time="2025-08-08T15:11:04.353731" level="INFO">Element '&lt;appium.webdriver.webelement.WebElement (session="f6aeea75-c851-448b-98e7-97a9400d73f8", element="00000000-0000-0244-0000-23ff00000003")&gt;' attribute 'content-desc' value 'Acrylic Full Set w/ Gel
50 mins
$50.00' </msg>
<msg time="2025-08-08T15:11:04.354417" level="INFO">${service_text} = Acrylic Full Set w/ Gel
50 mins
$50.00</msg>
<var>${service_text}</var>
<arg>${service_element}</arg>
<arg>content-desc</arg>
<doc>Get element attribute using given attribute: name, value,...</doc>
<status status="PASS" start="2025-08-08T15:11:03.823705" elapsed="0.530929"/>
</kw>
<kw name="Log" owner="BuiltIn">
<msg time="2025-08-08T15:11:04.355631" level="INFO">Đã chọn Service: Acrylic Full Set w/ Gel
50 mins
$50.00</msg>
<arg>Đã chọn Service: ${service_text}</arg>
<doc>Logs the given message with the given level.</doc>
<status status="PASS" start="2025-08-08T15:11:04.355123" elapsed="0.000769"/>
</kw>
<kw name="Append To List" owner="Collections">
<arg>${selected_service_texts}</arg>
<arg>${service_text}</arg>
<doc>Adds ``values`` to the end of ``list``.</doc>
<status status="PASS" start="2025-08-08T15:11:04.356215" elapsed="0.000480"/>
</kw>
<kw name="Click Element" owner="AppiumLibrary">
<msg time="2025-08-08T15:11:04.362319" level="INFO">Clicking element '&lt;appium.webdriver.webelement.WebElement (session="f6aeea75-c851-448b-98e7-97a9400d73f8", element="00000000-0000-0244-0000-23ff00000003")&gt;'.</msg>
<arg>${service_element}</arg>
<doc>Click element identified by `locator`.</doc>
<status status="PASS" start="2025-08-08T15:11:04.357028" elapsed="0.116194"/>
</kw>
<kw name="Get Amount Value From Service Desc">
<kw name="Split String" owner="String">
<msg time="2025-08-08T15:11:04.477027" level="INFO">${lines} = ['Acrylic Full Set w/ Gel', '50 mins', '$50.00']</msg>
<var>${lines}</var>
<arg>${desc}</arg>
<arg>\n</arg>
<doc>Splits the ``string`` using ``separator`` as a delimiter string.</doc>
<status status="PASS" start="2025-08-08T15:11:04.475858" elapsed="0.001583"/>
</kw>
<kw name="Strip String" owner="String">
<msg time="2025-08-08T15:11:04.478542" level="INFO">${amount_str} = $50.00</msg>
<var>${amount_str}</var>
<arg>${lines}[-1]</arg>
<doc>Remove leading and/or trailing whitespaces from the given string.</doc>
<status status="PASS" start="2025-08-08T15:11:04.477967" elapsed="0.000770"/>
</kw>
<kw name="Evaluate" owner="BuiltIn">
<msg time="2025-08-08T15:11:04.480075" level="INFO">${price_match} = ['50.00']</msg>
<var>${price_match}</var>
<arg>re.findall(r"\\$([0-9]+\\.[0-9]{2})", '''${amount_str}''')</arg>
<arg>modules=re</arg>
<doc>Evaluates the given expression in Python and returns the result.</doc>
<status status="PASS" start="2025-08-08T15:11:04.479087" elapsed="0.001204"/>
</kw>
<kw name="Run Keyword If" owner="BuiltIn">
<arg>${price_match} == []</arg>
<arg>Fail</arg>
<arg>Không tìm thấy giá trong amount: ${amount_str}</arg>
<doc>Runs the given keyword with the given arguments, if ``condition`` is true.</doc>
<status status="PASS" start="2025-08-08T15:11:04.480682" elapsed="0.000496"/>
</kw>
<kw name="Evaluate" owner="BuiltIn">
<msg time="2025-08-08T15:11:04.483220" level="INFO">${price_value} = 50.0</msg>
<var>${price_value}</var>
<arg>float(${price_match[0]})</arg>
<doc>Evaluates the given expression in Python and returns the result.</doc>
<status status="PASS" start="2025-08-08T15:11:04.481534" elapsed="0.001879"/>
</kw>
<return>
<value>${price_value}</value>
<status status="PASS" start="2025-08-08T15:11:04.483625" elapsed="0.000195"/>
</return>
<msg time="2025-08-08T15:11:04.484174" level="INFO">${price} = 50.0</msg>
<var>${price}</var>
<arg>${service_text}</arg>
<status status="PASS" start="2025-08-08T15:11:04.474564" elapsed="0.009783"/>
</kw>
<kw name="Evaluate" owner="BuiltIn">
<msg time="2025-08-08T15:11:04.485270" level="INFO">${subtotal_before_discount_service} = 100.0</msg>
<var>${subtotal_before_discount_service}</var>
<arg>${subtotal_before_discount_service} + ${price}</arg>
<doc>Evaluates the given expression in Python and returns the result.</doc>
<status status="PASS" start="2025-08-08T15:11:04.484676" elapsed="0.000800"/>
</kw>
<kw name="Log" owner="BuiltIn">
<msg time="2025-08-08T15:11:04.486200" level="INFO">100.0</msg>
<arg>${subtotal_before_discount_service}</arg>
<doc>Logs the given message with the given level.</doc>
<status status="PASS" start="2025-08-08T15:11:04.485796" elapsed="0.000786"/>
</kw>
<var name="${index}">0</var>
<status status="PASS" start="2025-08-08T15:11:03.822532" elapsed="0.664231"/>
</iter>
<var>${index}</var>
<value>@{indexes_service}</value>
<status status="PASS" start="2025-08-08T15:11:03.675015" elapsed="0.812017"/>
</for>
<for flavor="IN">
<iter>
<kw name="Get From List" owner="Collections">
<msg time="2025-08-08T15:11:04.488560" level="INFO">${add_on_element} = &lt;appium.webdriver.webelement.WebElement (session="f6aeea75-c851-448b-98e7-97a9400d73f8", element="00000000-0000-0244-0000-241900000003")&gt;</msg>
<var>${add_on_element}</var>
<arg>${add_on_list}</arg>
<arg>${index}</arg>
<doc>Returns the value specified with an ``index`` from ``list``.</doc>
<status status="PASS" start="2025-08-08T15:11:04.488081" elapsed="0.000656"/>
</kw>
<kw name="Get Element Attribute" owner="AppiumLibrary">
<msg time="2025-08-08T15:11:04.949990" level="INFO">Element '&lt;appium.webdriver.webelement.WebElement (session="f6aeea75-c851-448b-98e7-97a9400d73f8", element="00000000-0000-0244-0000-241900000003")&gt;' attribute 'content-desc' value 'Crystal Nails
$8.00' </msg>
<msg time="2025-08-08T15:11:04.950874" level="INFO">${add_on_text} = Crystal Nails
$8.00</msg>
<var>${add_on_text}</var>
<arg>${add_on_element}</arg>
<arg>content-desc</arg>
<doc>Get element attribute using given attribute: name, value,...</doc>
<status status="PASS" start="2025-08-08T15:11:04.489027" elapsed="0.462029"/>
</kw>
<kw name="Log" owner="BuiltIn">
<msg time="2025-08-08T15:11:04.952515" level="INFO">Đã chọn Add On: Crystal Nails
$8.00</msg>
<arg>Đã chọn Add On: ${add_on_text}</arg>
<doc>Logs the given message with the given level.</doc>
<status status="PASS" start="2025-08-08T15:11:04.951804" elapsed="0.001110"/>
</kw>
<kw name="Append To List" owner="Collections">
<arg>${selected_add_on_texts}</arg>
<arg>${add_on_text}</arg>
<doc>Adds ``values`` to the end of ``list``.</doc>
<status status="PASS" start="2025-08-08T15:11:04.953299" elapsed="0.000497"/>
</kw>
<kw name="Click Element" owner="AppiumLibrary">
<msg time="2025-08-08T15:11:04.959777" level="INFO">Clicking element '&lt;appium.webdriver.webelement.WebElement (session="f6aeea75-c851-448b-98e7-97a9400d73f8", element="00000000-0000-0244-0000-241900000003")&gt;'.</msg>
<arg>${add_on_element}</arg>
<doc>Click element identified by `locator`.</doc>
<status status="PASS" start="2025-08-08T15:11:04.954133" elapsed="0.087035"/>
</kw>
<kw name="Get Amount Value From Service Desc">
<kw name="Split String" owner="String">
<msg time="2025-08-08T15:11:05.045184" level="INFO">${lines} = ['Crystal Nails', '$8.00']</msg>
<var>${lines}</var>
<arg>${desc}</arg>
<arg>\n</arg>
<doc>Splits the ``string`` using ``separator`` as a delimiter string.</doc>
<status status="PASS" start="2025-08-08T15:11:05.044370" elapsed="0.001126"/>
</kw>
<kw name="Strip String" owner="String">
<msg time="2025-08-08T15:11:05.046403" level="INFO">${amount_str} = $8.00</msg>
<var>${amount_str}</var>
<arg>${lines}[-1]</arg>
<doc>Remove leading and/or trailing whitespaces from the given string.</doc>
<status status="PASS" start="2025-08-08T15:11:05.045903" elapsed="0.000696"/>
</kw>
<kw name="Evaluate" owner="BuiltIn">
<msg time="2025-08-08T15:11:05.047749" level="INFO">${price_match} = ['8.00']</msg>
<var>${price_match}</var>
<arg>re.findall(r"\\$([0-9]+\\.[0-9]{2})", '''${amount_str}''')</arg>
<arg>modules=re</arg>
<doc>Evaluates the given expression in Python and returns the result.</doc>
<status status="PASS" start="2025-08-08T15:11:05.046929" elapsed="0.001014"/>
</kw>
<kw name="Run Keyword If" owner="BuiltIn">
<arg>${price_match} == []</arg>
<arg>Fail</arg>
<arg>Không tìm thấy giá trong amount: ${amount_str}</arg>
<doc>Runs the given keyword with the given arguments, if ``condition`` is true.</doc>
<status status="PASS" start="2025-08-08T15:11:05.048305" elapsed="0.000592"/>
</kw>
<kw name="Evaluate" owner="BuiltIn">
<msg time="2025-08-08T15:11:05.052439" level="INFO">${price_value} = 8.0</msg>
<var>${price_value}</var>
<arg>float(${price_match[0]})</arg>
<doc>Evaluates the given expression in Python and returns the result.</doc>
<status status="PASS" start="2025-08-08T15:11:05.049250" elapsed="0.003439"/>
</kw>
<return>
<value>${price_value}</value>
<status status="PASS" start="2025-08-08T15:11:05.052924" elapsed="0.000265"/>
</return>
<msg time="2025-08-08T15:11:05.053596" level="INFO">${price} = 8.0</msg>
<var>${price}</var>
<arg>${add_on_text}</arg>
<status status="PASS" start="2025-08-08T15:11:05.042957" elapsed="0.010836"/>
</kw>
<kw name="Evaluate" owner="BuiltIn">
<msg time="2025-08-08T15:11:05.054776" level="INFO">${subtotal_before_discount_list_of_add_ons} = 8.0</msg>
<var>${subtotal_before_discount_list_of_add_ons}</var>
<arg>${subtotal_before_discount_list_of_add_ons} + ${price}</arg>
<doc>Evaluates the given expression in Python and returns the result.</doc>
<status status="PASS" start="2025-08-08T15:11:05.054156" elapsed="0.000965"/>
</kw>
<kw name="Log" owner="BuiltIn">
<msg time="2025-08-08T15:11:05.055994" level="INFO">8.0</msg>
<arg>${subtotal_before_discount_list_of_add_ons}</arg>
<doc>Logs the given message with the given level.</doc>
<status status="PASS" start="2025-08-08T15:11:05.055523" elapsed="0.000722"/>
</kw>
<var name="${index}">0</var>
<status status="PASS" start="2025-08-08T15:11:04.487806" elapsed="0.568623"/>
</iter>
<iter>
<kw name="Get From List" owner="Collections">
<msg time="2025-08-08T15:11:05.057585" level="INFO">${add_on_element} = &lt;appium.webdriver.webelement.WebElement (session="f6aeea75-c851-448b-98e7-97a9400d73f8", element="00000000-0000-0244-0000-241a00000003")&gt;</msg>
<var>${add_on_element}</var>
<arg>${add_on_list}</arg>
<arg>${index}</arg>
<doc>Returns the value specified with an ``index`` from ``list``.</doc>
<status status="PASS" start="2025-08-08T15:11:05.057108" elapsed="0.000642"/>
</kw>
<kw name="Get Element Attribute" owner="AppiumLibrary">
<msg time="2025-08-08T15:11:05.550228" level="INFO">Element '&lt;appium.webdriver.webelement.WebElement (session="f6aeea75-c851-448b-98e7-97a9400d73f8", element="00000000-0000-0244-0000-241a00000003")&gt;' attribute 'content-desc' value 'Nail Grace
$20.00' </msg>
<msg time="2025-08-08T15:11:05.550760" level="INFO">${add_on_text} = Nail Grace
$20.00</msg>
<var>${add_on_text}</var>
<arg>${add_on_element}</arg>
<arg>content-desc</arg>
<doc>Get element attribute using given attribute: name, value,...</doc>
<status status="PASS" start="2025-08-08T15:11:05.058025" elapsed="0.492933"/>
</kw>
<kw name="Log" owner="BuiltIn">
<msg time="2025-08-08T15:11:05.551884" level="INFO">Đã chọn Add On: Nail Grace
$20.00</msg>
<arg>Đã chọn Add On: ${add_on_text}</arg>
<doc>Logs the given message with the given level.</doc>
<status status="PASS" start="2025-08-08T15:11:05.551408" elapsed="0.000720"/>
</kw>
<kw name="Append To List" owner="Collections">
<arg>${selected_add_on_texts}</arg>
<arg>${add_on_text}</arg>
<doc>Adds ``values`` to the end of ``list``.</doc>
<status status="PASS" start="2025-08-08T15:11:05.552448" elapsed="0.000507"/>
</kw>
<kw name="Click Element" owner="AppiumLibrary">
<msg time="2025-08-08T15:11:05.558115" level="INFO">Clicking element '&lt;appium.webdriver.webelement.WebElement (session="f6aeea75-c851-448b-98e7-97a9400d73f8", element="00000000-0000-0244-0000-241a00000003")&gt;'.</msg>
<arg>${add_on_element}</arg>
<doc>Click element identified by `locator`.</doc>
<status status="PASS" start="2025-08-08T15:11:05.553302" elapsed="0.635214"/>
</kw>
<kw name="Get Amount Value From Service Desc">
<kw name="Split String" owner="String">
<msg time="2025-08-08T15:11:06.191684" level="INFO">${lines} = ['Nail Grace', '$20.00']</msg>
<var>${lines}</var>
<arg>${desc}</arg>
<arg>\n</arg>
<doc>Splits the ``string`` using ``separator`` as a delimiter string.</doc>
<status status="PASS" start="2025-08-08T15:11:06.190840" elapsed="0.001223"/>
</kw>
<kw name="Strip String" owner="String">
<msg time="2025-08-08T15:11:06.193230" level="INFO">${amount_str} = $20.00</msg>
<var>${amount_str}</var>
<arg>${lines}[-1]</arg>
<doc>Remove leading and/or trailing whitespaces from the given string.</doc>
<status status="PASS" start="2025-08-08T15:11:06.192588" elapsed="0.000843"/>
</kw>
<kw name="Evaluate" owner="BuiltIn">
<msg time="2025-08-08T15:11:06.194615" level="INFO">${price_match} = ['20.00']</msg>
<var>${price_match}</var>
<arg>re.findall(r"\\$([0-9]+\\.[0-9]{2})", '''${amount_str}''')</arg>
<arg>modules=re</arg>
<doc>Evaluates the given expression in Python and returns the result.</doc>
<status status="PASS" start="2025-08-08T15:11:06.193774" elapsed="0.001036"/>
</kw>
<kw name="Run Keyword If" owner="BuiltIn">
<arg>${price_match} == []</arg>
<arg>Fail</arg>
<arg>Không tìm thấy giá trong amount: ${amount_str}</arg>
<doc>Runs the given keyword with the given arguments, if ``condition`` is true.</doc>
<status status="PASS" start="2025-08-08T15:11:06.195301" elapsed="0.000483"/>
</kw>
<kw name="Evaluate" owner="BuiltIn">
<msg time="2025-08-08T15:11:06.197919" level="INFO">${price_value} = 20.0</msg>
<var>${price_value}</var>
<arg>float(${price_match[0]})</arg>
<doc>Evaluates the given expression in Python and returns the result.</doc>
<status status="PASS" start="2025-08-08T15:11:06.196129" elapsed="0.002034"/>
</kw>
<return>
<value>${price_value}</value>
<status status="PASS" start="2025-08-08T15:11:06.198404" elapsed="0.000203"/>
</return>
<msg time="2025-08-08T15:11:06.198994" level="INFO">${price} = 20.0</msg>
<var>${price}</var>
<arg>${add_on_text}</arg>
<status status="PASS" start="2025-08-08T15:11:06.189779" elapsed="0.009414"/>
</kw>
<kw name="Evaluate" owner="BuiltIn">
<msg time="2025-08-08T15:11:06.200190" level="INFO">${subtotal_before_discount_list_of_add_ons} = 28.0</msg>
<var>${subtotal_before_discount_list_of_add_ons}</var>
<arg>${subtotal_before_discount_list_of_add_ons} + ${price}</arg>
<doc>Evaluates the given expression in Python and returns the result.</doc>
<status status="PASS" start="2025-08-08T15:11:06.199557" elapsed="0.000831"/>
</kw>
<kw name="Log" owner="BuiltIn">
<msg time="2025-08-08T15:11:06.201153" level="INFO">28.0</msg>
<arg>${subtotal_before_discount_list_of_add_ons}</arg>
<doc>Logs the given message with the given level.</doc>
<status status="PASS" start="2025-08-08T15:11:06.200730" elapsed="0.000800"/>
</kw>
<var name="${index}">1</var>
<status status="PASS" start="2025-08-08T15:11:05.056784" elapsed="1.144990"/>
</iter>
<var>${index}</var>
<value>@{indexes_add_on}</value>
<status status="PASS" start="2025-08-08T15:11:04.487291" elapsed="1.714688"/>
</for>
<kw name="Evaluate" owner="BuiltIn">
<msg time="2025-08-08T15:11:06.203323" level="INFO">${Total_service} = 128.0</msg>
<var>${Total_service}</var>
<arg>${subtotal_before_discount_service} + ${subtotal_before_discount_list_of_add_ons}</arg>
<doc>Evaluates the given expression in Python and returns the result.</doc>
<status status="PASS" start="2025-08-08T15:11:06.202548" elapsed="0.000962"/>
</kw>
<kw name="Log" owner="BuiltIn">
<msg time="2025-08-08T15:11:06.204124" level="INFO">128.0</msg>
<arg>${Total_service}</arg>
<doc>Logs the given message with the given level.</doc>
<status status="PASS" start="2025-08-08T15:11:06.203797" elapsed="0.000521"/>
</kw>
<if>
<branch type="IF" condition="${discount_type} == 'percentage'">
<kw name="Click on Element mobile" owner="Common">
<kw name="Wait Until Element Is Visible" owner="AppiumLibrary">
<msg time="2025-08-08T15:11:06.565638" level="INFO">xpath criteria: //android.view.View[@content-desc="Discount" and @clickable="true"]</msg>
<arg>${elm_input}</arg>
<arg>10s</arg>
<doc>Waits until element specified with `locator` is visible.</doc>
<status status="PASS" start="2025-08-08T15:11:06.205646" elapsed="0.360703"/>
</kw>
<kw name="Click Element" owner="AppiumLibrary">
<msg time="2025-08-08T15:11:06.571813" level="INFO">Clicking element '//android.view.View[@content-desc="Discount" and @clickable="true"]'.</msg>
<msg time="2025-08-08T15:11:06.955217" level="INFO">xpath criteria: //android.view.View[@content-desc="Discount" and @clickable="true"]</msg>
<arg>${elm_input}</arg>
<doc>Click element identified by `locator`.</doc>
<status status="PASS" start="2025-08-08T15:11:06.567007" elapsed="0.389190"/>
</kw>
<arg>//android.view.View[@content-desc="Discount" and @clickable="true"]</arg>
<status status="PASS" start="2025-08-08T15:11:06.205083" elapsed="0.751655"/>
</kw>
<kw name="Click on Element mobile" owner="Common">
<kw name="Wait Until Element Is Visible" owner="AppiumLibrary">
<msg time="2025-08-08T15:11:07.857223" level="INFO">xpath criteria: //android.view.View[@content-desc="Quick discount"]/android.view.View</msg>
<arg>${elm_input}</arg>
<arg>10s</arg>
<doc>Waits until element specified with `locator` is visible.</doc>
<status status="PASS" start="2025-08-08T15:11:06.958620" elapsed="0.899201"/>
</kw>
<kw name="Click Element" owner="AppiumLibrary">
<msg time="2025-08-08T15:11:07.862843" level="INFO">Clicking element '//android.view.View[@content-desc="Quick discount"]/android.view.View'.</msg>
<msg time="2025-08-08T15:11:08.646324" level="INFO">xpath criteria: //android.view.View[@content-desc="Quick discount"]/android.view.View</msg>
<arg>${elm_input}</arg>
<doc>Click element identified by `locator`.</doc>
<status status="PASS" start="2025-08-08T15:11:07.858493" elapsed="0.788964"/>
</kw>
<arg>//android.view.View[@content-desc="Quick discount"]/android.view.View</arg>
<status status="PASS" start="2025-08-08T15:11:06.957518" elapsed="1.690635"/>
</kw>
<if>
<branch type="IF" condition="${include_discount} == 'off'">
<kw name="Click on Element mobile" owner="Common">
<arg>//android.view.View[@content-desc="Select Discount"]/android.view.View[2]/android.view.View[6]/android.view.View</arg>
<status status="NOT RUN" start="2025-08-08T15:11:08.649890" elapsed="0.000373"/>
</kw>
<kw name="Evaluate" owner="BuiltIn">
<var>${discount_percentage_subtotal}</var>
<arg>random.randint(1, 100)</arg>
<arg>modules=random</arg>
<doc>Evaluates the given expression in Python and returns the result.</doc>
<status status="NOT RUN" start="2025-08-08T15:11:08.650717" elapsed="0.000256"/>
</kw>
<kw name="Log" owner="BuiltIn">
<arg>${discount_percentage_subtotal}</arg>
<doc>Logs the given message with the given level.</doc>
<status status="NOT RUN" start="2025-08-08T15:11:08.651413" elapsed="0.000476"/>
</kw>
<kw name="Evaluate" owner="BuiltIn">
<var>${random_discount}</var>
<arg>round((${discount_percentage_subtotal} / 100) * ${subtotal_before_discount_service}, 2)</arg>
<doc>Evaluates the given expression in Python and returns the result.</doc>
<status status="NOT RUN" start="2025-08-08T15:11:08.652522" elapsed="0.000283"/>
</kw>
<kw name="Log" owner="BuiltIn">
<arg>${random_discount}</arg>
<doc>Logs the given message with the given level.</doc>
<status status="NOT RUN" start="2025-08-08T15:11:08.653428" elapsed="0.000329"/>
</kw>
<kw name="Convert To String" owner="BuiltIn">
<var>${number_str}</var>
<arg>${discount_percentage_subtotal}</arg>
<doc>Converts the given item to a Unicode string.</doc>
<status status="NOT RUN" start="2025-08-08T15:11:08.654223" elapsed="0.000295"/>
</kw>
<kw name="Log" owner="BuiltIn">
<arg>${number_str}</arg>
<doc>Logs the given message with the given level.</doc>
<status status="NOT RUN" start="2025-08-08T15:11:08.654942" elapsed="0.000220"/>
</kw>
<kw name="Convert To List" owner="Collections">
<var>${number_list}</var>
<arg>${number_str}</arg>
<doc>Converts the given ``item`` to a Python ``list`` type.</doc>
<status status="NOT RUN" start="2025-08-08T15:11:08.655506" elapsed="0.000210"/>
</kw>
<kw name="Log" owner="BuiltIn">
<arg>${number_list}</arg>
<doc>Logs the given message with the given level.</doc>
<status status="NOT RUN" start="2025-08-08T15:11:08.656032" elapsed="0.000557"/>
</kw>
<for flavor="IN">
<iter>
<kw name="Click on Element mobile" owner="Common">
<arg>//android.view.View[@content-desc="${digit}" and @clickable="true"]</arg>
<status status="NOT RUN" start="2025-08-08T15:11:08.657461" elapsed="0.000195"/>
</kw>
<var name="${digit}"/>
<status status="NOT RUN" start="2025-08-08T15:11:08.657076" elapsed="0.000754"/>
</iter>
<var>${digit}</var>
<value>@{number_list}</value>
<status status="NOT RUN" start="2025-08-08T15:11:08.656796" elapsed="0.001200"/>
</for>
<kw name="Click on Element mobile" owner="Common">
<arg>${elm_btn_Done}</arg>
<status status="NOT RUN" start="2025-08-08T15:11:08.658354" elapsed="0.000206"/>
</kw>
<kw name="Click on Element mobile" owner="Common">
<arg>${elm_btn_Submit}</arg>
<status status="NOT RUN" start="2025-08-08T15:11:08.658886" elapsed="0.000186"/>
</kw>
<status status="NOT RUN" start="2025-08-08T15:11:08.648705" elapsed="0.010541"/>
</branch>
<branch type="ELSE IF" condition="${include_discount} == 'on'">
<kw name="Click on Element mobile" owner="Common">
<kw name="Wait Until Element Is Visible" owner="AppiumLibrary">
<msg time="2025-08-08T15:11:08.859329" level="INFO">xpath criteria: //android.view.View[@content-desc="Off"]</msg>
<arg>${elm_input}</arg>
<arg>10s</arg>
<doc>Waits until element specified with `locator` is visible.</doc>
<status status="PASS" start="2025-08-08T15:11:08.661592" elapsed="0.198045"/>
</kw>
<kw name="Click Element" owner="AppiumLibrary">
<msg time="2025-08-08T15:11:08.862781" level="INFO">Clicking element '//android.view.View[@content-desc="Off"]'.</msg>
<msg time="2025-08-08T15:11:09.054850" level="INFO">xpath criteria: //android.view.View[@content-desc="Off"]</msg>
<arg>${elm_input}</arg>
<doc>Click element identified by `locator`.</doc>
<status status="PASS" start="2025-08-08T15:11:08.859949" elapsed="0.195955"/>
</kw>
<arg>//android.view.View[@content-desc="Off"]</arg>
<status status="PASS" start="2025-08-08T15:11:08.660083" elapsed="0.396438"/>
</kw>
<kw name="Click on Element mobile" owner="Common">
<kw name="Wait Until Element Is Visible" owner="AppiumLibrary">
<msg time="2025-08-08T15:11:09.939429" level="INFO">xpath criteria: //android.view.View[@content-desc="Select Discount"]/android.view.View[2]/android.view.View[6]/android.view.View</msg>
<arg>${elm_input}</arg>
<arg>10s</arg>
<doc>Waits until element specified with `locator` is visible.</doc>
<status status="PASS" start="2025-08-08T15:11:09.058448" elapsed="0.881981"/>
</kw>
<kw name="Click Element" owner="AppiumLibrary">
<msg time="2025-08-08T15:11:09.947765" level="INFO">Clicking element '//android.view.View[@content-desc="Select Discount"]/android.view.View[2]/android.view.View[6]/android.view.View'.</msg>
<msg time="2025-08-08T15:11:10.122313" level="INFO">xpath criteria: //android.view.View[@content-desc="Select Discount"]/android.view.View[2]/android.view.View[6]/android.view.View</msg>
<arg>${elm_input}</arg>
<doc>Click element identified by `locator`.</doc>
<status status="PASS" start="2025-08-08T15:11:09.941303" elapsed="0.182466"/>
</kw>
<arg>//android.view.View[@content-desc="Select Discount"]/android.view.View[2]/android.view.View[6]/android.view.View</arg>
<status status="PASS" start="2025-08-08T15:11:09.057269" elapsed="1.067036"/>
</kw>
<kw name="Evaluate" owner="BuiltIn">
<msg time="2025-08-08T15:11:10.126386" level="INFO">${discount_percentage_subtotal} = 72</msg>
<var>${discount_percentage_subtotal}</var>
<arg>random.randint(1, 100)</arg>
<arg>modules=random</arg>
<doc>Evaluates the given expression in Python and returns the result.</doc>
<status status="PASS" start="2025-08-08T15:11:10.124996" elapsed="0.001903"/>
</kw>
<kw name="Log" owner="BuiltIn">
<msg time="2025-08-08T15:11:10.128354" level="INFO">72</msg>
<arg>${discount_percentage_subtotal}</arg>
<doc>Logs the given message with the given level.</doc>
<status status="PASS" start="2025-08-08T15:11:10.127428" elapsed="0.001366"/>
</kw>
<kw name="Evaluate" owner="BuiltIn">
<msg time="2025-08-08T15:11:10.130264" level="INFO">${random_discount} = 92.16</msg>
<var>${random_discount}</var>
<arg>round((${discount_percentage_subtotal} / 100) * ${Total_service}, 2)</arg>
<doc>Evaluates the given expression in Python and returns the result.</doc>
<status status="PASS" start="2025-08-08T15:11:10.129405" elapsed="0.001070"/>
</kw>
<kw name="Log" owner="BuiltIn">
<msg time="2025-08-08T15:11:10.131430" level="INFO">92.16</msg>
<arg>${random_discount}</arg>
<doc>Logs the given message with the given level.</doc>
<status status="PASS" start="2025-08-08T15:11:10.130838" elapsed="0.001012"/>
</kw>
<kw name="Convert To String" owner="BuiltIn">
<msg time="2025-08-08T15:11:10.132836" level="INFO">${number_str} = 72</msg>
<var>${number_str}</var>
<arg>${discount_percentage_subtotal}</arg>
<doc>Converts the given item to a Unicode string.</doc>
<status status="PASS" start="2025-08-08T15:11:10.132242" elapsed="0.000796"/>
</kw>
<kw name="Log" owner="BuiltIn">
<msg time="2025-08-08T15:11:10.133761" level="INFO">72</msg>
<arg>${number_str}</arg>
<doc>Logs the given message with the given level.</doc>
<status status="PASS" start="2025-08-08T15:11:10.133377" elapsed="0.000604"/>
</kw>
<kw name="Convert To List" owner="Collections">
<msg time="2025-08-08T15:11:10.134781" level="INFO">${number_list} = ['7', '2']</msg>
<var>${number_list}</var>
<arg>${number_str}</arg>
<doc>Converts the given ``item`` to a Python ``list`` type.</doc>
<status status="PASS" start="2025-08-08T15:11:10.134295" elapsed="0.000687"/>
</kw>
<kw name="Log" owner="BuiltIn">
<msg time="2025-08-08T15:11:10.135665" level="INFO">['7', '2']</msg>
<arg>${number_list}</arg>
<doc>Logs the given message with the given level.</doc>
<status status="PASS" start="2025-08-08T15:11:10.135304" elapsed="0.000628"/>
</kw>
<for flavor="IN">
<iter>
<kw name="Click on Element mobile" owner="Common">
<kw name="Wait Until Element Is Visible" owner="AppiumLibrary">
<msg time="2025-08-08T15:11:10.773794" level="INFO">xpath criteria: //android.view.View[@content-desc="7" and @clickable="true"]</msg>
<arg>${elm_input}</arg>
<arg>10s</arg>
<doc>Waits until element specified with `locator` is visible.</doc>
<status status="PASS" start="2025-08-08T15:11:10.137947" elapsed="0.636488"/>
</kw>
<kw name="Click Element" owner="AppiumLibrary">
<msg time="2025-08-08T15:11:10.779980" level="INFO">Clicking element '//android.view.View[@content-desc="7" and @clickable="true"]'.</msg>
<msg time="2025-08-08T15:11:11.466964" level="INFO">xpath criteria: //android.view.View[@content-desc="7" and @clickable="true"]</msg>
<arg>${elm_input}</arg>
<doc>Click element identified by `locator`.</doc>
<status status="PASS" start="2025-08-08T15:11:10.775013" elapsed="0.693054"/>
</kw>
<arg>//android.view.View[@content-desc="${digit}" and @clickable="true"]</arg>
<status status="PASS" start="2025-08-08T15:11:10.137207" elapsed="1.331535"/>
</kw>
<var name="${digit}">7</var>
<status status="PASS" start="2025-08-08T15:11:10.136756" elapsed="1.332337"/>
</iter>
<iter>
<kw name="Click on Element mobile" owner="Common">
<kw name="Wait Until Element Is Visible" owner="AppiumLibrary">
<msg time="2025-08-08T15:11:11.615761" level="INFO">xpath criteria: //android.view.View[@content-desc="2" and @clickable="true"]</msg>
<arg>${elm_input}</arg>
<arg>10s</arg>
<doc>Waits until element specified with `locator` is visible.</doc>
<status status="PASS" start="2025-08-08T15:11:11.471594" elapsed="0.145256"/>
</kw>
<kw name="Click Element" owner="AppiumLibrary">
<msg time="2025-08-08T15:11:11.624082" level="INFO">Clicking element '//android.view.View[@content-desc="2" and @clickable="true"]'.</msg>
<msg time="2025-08-08T15:11:12.312104" level="INFO">xpath criteria: //android.view.View[@content-desc="2" and @clickable="true"]</msg>
<arg>${elm_input}</arg>
<doc>Click element identified by `locator`.</doc>
<status status="PASS" start="2025-08-08T15:11:11.617858" elapsed="0.694853"/>
</kw>
<arg>//android.view.View[@content-desc="${digit}" and @clickable="true"]</arg>
<status status="PASS" start="2025-08-08T15:11:11.470425" elapsed="0.842782"/>
</kw>
<var name="${digit}">2</var>
<status status="PASS" start="2025-08-08T15:11:11.469667" elapsed="0.843962"/>
</iter>
<var>${digit}</var>
<value>@{number_list}</value>
<status status="PASS" start="2025-08-08T15:11:10.136162" elapsed="2.177725"/>
</for>
<kw name="Click on Element mobile" owner="Common">
<kw name="Wait Until Element Is Visible" owner="AppiumLibrary">
<msg time="2025-08-08T15:11:12.454128" level="INFO">xpath criteria: //android.view.View[@content-desc="Done"]</msg>
<arg>${elm_input}</arg>
<arg>10s</arg>
<doc>Waits until element specified with `locator` is visible.</doc>
<status status="PASS" start="2025-08-08T15:11:12.315717" elapsed="0.138995"/>
</kw>
<kw name="Click Element" owner="AppiumLibrary">
<msg time="2025-08-08T15:11:12.460029" level="INFO">Clicking element '//android.view.View[@content-desc="Done"]'.</msg>
<msg time="2025-08-08T15:11:13.368280" level="INFO">xpath criteria: //android.view.View[@content-desc="Done"]</msg>
<arg>${elm_input}</arg>
<doc>Click element identified by `locator`.</doc>
<status status="PASS" start="2025-08-08T15:11:12.455281" elapsed="0.914119"/>
</kw>
<arg>${elm_btn_Done}</arg>
<status status="PASS" start="2025-08-08T15:11:12.314555" elapsed="1.055565"/>
</kw>
<kw name="Click on Element mobile" owner="Common">
<kw name="Wait Until Element Is Visible" owner="AppiumLibrary">
<msg time="2025-08-08T15:11:13.504988" level="INFO">xpath criteria: //android.view.View[@content-desc="Submit"]</msg>
<arg>${elm_input}</arg>
<arg>10s</arg>
<doc>Waits until element specified with `locator` is visible.</doc>
<status status="PASS" start="2025-08-08T15:11:13.372393" elapsed="0.133464"/>
</kw>
<kw name="Click Element" owner="AppiumLibrary">
<msg time="2025-08-08T15:11:13.511753" level="INFO">Clicking element '//android.view.View[@content-desc="Submit"]'.</msg>
<msg time="2025-08-08T15:11:14.499883" level="INFO">xpath criteria: //android.view.View[@content-desc="Submit"]</msg>
<arg>${elm_input}</arg>
<doc>Click element identified by `locator`.</doc>
<status status="PASS" start="2025-08-08T15:11:13.506731" elapsed="0.994095"/>
</kw>
<arg>${elm_btn_Submit}</arg>
<status status="PASS" start="2025-08-08T15:11:13.371204" elapsed="1.130211"/>
</kw>
<status status="PASS" start="2025-08-08T15:11:08.659409" elapsed="5.842311"/>
</branch>
<branch type="ELSE">
<kw name="Fail" owner="BuiltIn">
<arg>Invalid include discount: ${include_discount} must be 'off' or 'on'.</arg>
<doc>Fails the test with the given message and optionally alters its tags.</doc>
<status status="NOT RUN" start="2025-08-08T15:11:14.502904" elapsed="0.000274"/>
</kw>
<status status="NOT RUN" start="2025-08-08T15:11:14.502048" elapsed="0.001338"/>
</branch>
<status status="PASS" start="2025-08-08T15:11:08.648588" elapsed="5.854977"/>
</if>
<status status="PASS" start="2025-08-08T15:11:06.204559" elapsed="8.299119"/>
</branch>
<branch type="ELSE IF" condition="${discount_type} == 'fixed_amount'">
<kw name="Click on Element mobile" owner="Common">
<arg>//android.view.View[@content-desc="Discount" and @clickable="true"]</arg>
<status status="NOT RUN" start="2025-08-08T15:11:14.504677" elapsed="0.000213"/>
</kw>
<kw name="Click on Element mobile" owner="Common">
<arg>//android.view.View[@content-desc="Quick discount"]/android.view.View</arg>
<status status="NOT RUN" start="2025-08-08T15:11:14.505215" elapsed="0.000166"/>
</kw>
<kw name="Click on Element mobile" owner="Common">
<arg>//android.view.View[@content-desc="Fixed amount"]</arg>
<status status="NOT RUN" start="2025-08-08T15:11:14.505698" elapsed="0.000192"/>
</kw>
<kw name="Click on Element mobile" owner="Common">
<arg>//android.view.View[@content-desc="Select Discount"]/android.view.View[2]/android.view.View[4]/android.view.View</arg>
<status status="NOT RUN" start="2025-08-08T15:11:14.506439" elapsed="0.000556"/>
</kw>
<kw name="Evaluate" owner="BuiltIn">
<var>${format_subtotal}</var>
<arg>'{:.2f}'.format(${Total_service})</arg>
<doc>Evaluates the given expression in Python and returns the result.</doc>
<status status="NOT RUN" start="2025-08-08T15:11:14.507616" elapsed="0.000311"/>
</kw>
<kw name="Log" owner="BuiltIn">
<arg>${format_subtotal}</arg>
<doc>Logs the given message with the given level.</doc>
<status status="NOT RUN" start="2025-08-08T15:11:14.508357" elapsed="0.000187"/>
</kw>
<kw name="Evaluate" owner="BuiltIn">
<var>${random_fixed}</var>
<arg>random.uniform(1.00, ${format_subtotal})</arg>
<arg>modules=random</arg>
<doc>Evaluates the given expression in Python and returns the result.</doc>
<status status="NOT RUN" start="2025-08-08T15:11:14.508953" elapsed="0.000283"/>
</kw>
<kw name="Log" owner="BuiltIn">
<arg>${random_fixed}</arg>
<doc>Logs the given message with the given level.</doc>
<status status="NOT RUN" start="2025-08-08T15:11:14.509589" elapsed="0.000185"/>
</kw>
<kw name="Evaluate" owner="BuiltIn">
<var>${random_discount}</var>
<arg>int(${random_fixed} * 100) / 100</arg>
<doc>Evaluates the given expression in Python and returns the result.</doc>
<status status="NOT RUN" start="2025-08-08T15:11:14.510087" elapsed="0.000319"/>
</kw>
<kw name="Log" owner="BuiltIn">
<arg>${random_discount}</arg>
<doc>Logs the given message with the given level.</doc>
<status status="NOT RUN" start="2025-08-08T15:11:14.510729" elapsed="0.000173"/>
</kw>
<kw name="Convert To String" owner="BuiltIn">
<var>${number_str}</var>
<arg>${random_discount}</arg>
<doc>Converts the given item to a Unicode string.</doc>
<status status="NOT RUN" start="2025-08-08T15:11:14.511308" elapsed="0.000241"/>
</kw>
<kw name="Log" owner="BuiltIn">
<arg>${number_str}</arg>
<doc>Logs the given message with the given level.</doc>
<status status="NOT RUN" start="2025-08-08T15:11:14.511893" elapsed="0.000183"/>
</kw>
<kw name="Replace String" owner="String">
<var>${number_str_no_dot}</var>
<arg>${number_str}</arg>
<arg>.</arg>
<arg>${EMPTY}</arg>
<doc>Replaces ``search_for`` in the given ``string`` with ``replace_with``.</doc>
<status status="NOT RUN" start="2025-08-08T15:11:14.512381" elapsed="0.000248"/>
</kw>
<kw name="Log" owner="BuiltIn">
<arg>${number_str_no_dot}</arg>
<doc>Logs the given message with the given level.</doc>
<status status="NOT RUN" start="2025-08-08T15:11:14.512960" elapsed="0.000183"/>
</kw>
<kw name="Convert To List" owner="Collections">
<var>${number_list}</var>
<arg>${number_str_no_dot}</arg>
<doc>Converts the given ``item`` to a Python ``list`` type.</doc>
<status status="NOT RUN" start="2025-08-08T15:11:14.513445" elapsed="0.000174"/>
</kw>
<for flavor="IN">
<iter>
<kw name="Click on Element mobile" owner="Common">
<arg>//android.view.View[@content-desc="${digit}"]</arg>
<status status="NOT RUN" start="2025-08-08T15:11:14.514472" elapsed="0.000194"/>
</kw>
<var name="${digit}"/>
<status status="NOT RUN" start="2025-08-08T15:11:14.514085" elapsed="0.000757"/>
</iter>
<var>${digit}</var>
<value>@{number_list}</value>
<status status="NOT RUN" start="2025-08-08T15:11:14.513821" elapsed="0.001198"/>
</for>
<kw name="Click on Element mobile" owner="Common">
<arg>${elm_btn_Done}</arg>
<status status="NOT RUN" start="2025-08-08T15:11:14.515379" elapsed="0.000177"/>
</kw>
<kw name="Click on Element mobile" owner="Common">
<arg>${elm_btn_Submit}</arg>
<status status="NOT RUN" start="2025-08-08T15:11:14.515879" elapsed="0.000166"/>
</kw>
<status status="NOT RUN" start="2025-08-08T15:11:14.504087" elapsed="0.012112"/>
</branch>
<branch type="ELSE IF" condition="${discount_type} == 'voucher'">
<kw name="Click on Element mobile" owner="Common">
<arg>//android.view.View[@content-desc="Discount" and @clickable="true"]</arg>
<status status="NOT RUN" start="2025-08-08T15:11:14.516897" elapsed="0.000193"/>
</kw>
<kw name="Click on Element mobile" owner="Common">
<arg>//android.view.View[@content-desc="Apply Voucher"]</arg>
<status status="NOT RUN" start="2025-08-08T15:11:14.517440" elapsed="0.000188"/>
</kw>
<kw name="Click on Element mobile" owner="Common">
<arg>//android.widget.EditText</arg>
<status status="NOT RUN" start="2025-08-08T15:11:14.517974" elapsed="0.000180"/>
</kw>
<kw name="Fill Text Input mobile" owner="Common">
<arg>//android.widget.EditText</arg>
<arg>${voucher_code}</arg>
<status status="NOT RUN" start="2025-08-08T15:11:14.518430" elapsed="0.000429"/>
</kw>
<kw name="Wait Until Element Is Visible" owner="AppiumLibrary">
<arg>//android.view.View[contains(@content-desc, "Code: #SBV${voucher_code}")]</arg>
<doc>Waits until element specified with `locator` is visible.</doc>
<status status="NOT RUN" start="2025-08-08T15:11:14.519207" elapsed="0.000183"/>
</kw>
<kw name="Get Element Attribute" owner="AppiumLibrary">
<var>${amount_voucher}</var>
<arg>//android.view.View[contains(@content-desc, "Code: #SBV${voucher_code}")]</arg>
<arg>content-desc</arg>
<doc>Get element attribute using given attribute: name, value,...</doc>
<status status="NOT RUN" start="2025-08-08T15:11:14.519668" elapsed="0.000180"/>
</kw>
<kw name="Log" owner="BuiltIn">
<arg>${amount_voucher}</arg>
<doc>Logs the given message with the given level.</doc>
<status status="NOT RUN" start="2025-08-08T15:11:14.520126" elapsed="0.000180"/>
</kw>
<kw name="Evaluate" owner="BuiltIn">
<var>${amount_list}</var>
<arg>re.findall(r'(\\d+(?:\\.\\d+)?(?= off|%))', """${amount_voucher}""", re.MULTILINE)</arg>
<arg>modules=re</arg>
<doc>Evaluates the given expression in Python and returns the result.</doc>
<status status="NOT RUN" start="2025-08-08T15:11:14.520565" elapsed="0.000246"/>
</kw>
<kw name="Log" owner="BuiltIn">
<arg>Amount List: ${amount_list}</arg>
<doc>Logs the given message with the given level.</doc>
<status status="NOT RUN" start="2025-08-08T15:11:14.521111" elapsed="0.000158"/>
</kw>
<kw name="Evaluate" owner="BuiltIn">
<var>${is_percentage}</var>
<arg>"""${amount_voucher}""".find('%') != -1</arg>
<doc>Evaluates the given expression in Python and returns the result.</doc>
<status status="NOT RUN" start="2025-08-08T15:11:14.521528" elapsed="0.000167"/>
</kw>
<kw name="Evaluate" owner="BuiltIn">
<var>${is_fixed}</var>
<arg>"""${amount_voucher}""".find(' off') != -1</arg>
<doc>Evaluates the given expression in Python and returns the result.</doc>
<status status="NOT RUN" start="2025-08-08T15:11:14.521951" elapsed="0.000174"/>
</kw>
<if>
<branch type="IF" condition="'${is_percentage}' == 'True'">
<kw name="Log" owner="BuiltIn">
<arg>Loại voucher: percentage</arg>
<doc>Logs the given message with the given level.</doc>
<status status="NOT RUN" start="2025-08-08T15:11:14.522622" elapsed="0.000150"/>
</kw>
<kw name="Log" owner="BuiltIn">
<arg>Giá trị Percentage: ${amount_list}[0]</arg>
<doc>Logs the given message with the given level.</doc>
<status status="NOT RUN" start="2025-08-08T15:11:14.523165" elapsed="0.000171"/>
</kw>
<kw name="Evaluate" owner="BuiltIn">
<var>${random_discount}</var>
<arg>float(${amount_list}[0]) * ${Total_service} / 100</arg>
<doc>Evaluates the given expression in Python and returns the result.</doc>
<status status="NOT RUN" start="2025-08-08T15:11:14.523803" elapsed="0.000242"/>
</kw>
<status status="NOT RUN" start="2025-08-08T15:11:14.522348" elapsed="0.001956"/>
</branch>
<branch type="ELSE IF" condition="'${is_fixed}' == 'True'">
<kw name="Log" owner="BuiltIn">
<arg>Loại voucher: fixed</arg>
<doc>Logs the given message with the given level.</doc>
<status status="NOT RUN" start="2025-08-08T15:11:14.524967" elapsed="0.000367"/>
</kw>
<kw name="Log" owner="BuiltIn">
<arg>Giá trị Fixed amount: ${amount_list}[0]</arg>
<doc>Logs the given message with the given level.</doc>
<status status="NOT RUN" start="2025-08-08T15:11:14.525733" elapsed="0.000153"/>
</kw>
<kw name="Evaluate" owner="BuiltIn">
<var>${random_discount}</var>
<arg>float(${amount_list}[0])</arg>
<doc>Evaluates the given expression in Python and returns the result.</doc>
<status status="NOT RUN" start="2025-08-08T15:11:14.526134" elapsed="0.000154"/>
</kw>
<status status="NOT RUN" start="2025-08-08T15:11:14.524642" elapsed="0.001789"/>
</branch>
<branch type="ELSE">
<kw name="Fail" owner="BuiltIn">
<arg>Không phải voucher hợp lệ, không có giá trị fixed hay percentage.</arg>
<doc>Fails the test with the given message and optionally alters its tags.</doc>
<status status="NOT RUN" start="2025-08-08T15:11:14.526824" elapsed="0.000147"/>
</kw>
<status status="NOT RUN" start="2025-08-08T15:11:14.526581" elapsed="0.000524"/>
</branch>
<status status="NOT RUN" start="2025-08-08T15:11:14.522303" elapsed="0.004916"/>
</if>
<kw name="Click on Element mobile" owner="Common">
<arg>//android.view.View[contains(@content-desc, "Code: #SBV${voucher_code}")]</arg>
<status status="NOT RUN" start="2025-08-08T15:11:14.527460" elapsed="0.000325"/>
</kw>
<kw name="Click on Element mobile" owner="Common">
<arg>${elm_btn_Submit}</arg>
<status status="NOT RUN" start="2025-08-08T15:11:14.528067" elapsed="0.000148"/>
</kw>
<status status="NOT RUN" start="2025-08-08T15:11:14.516382" elapsed="0.011967"/>
</branch>
<branch type="ELSE IF" condition="${discount_type} == 'none'">
<kw name="No Operation" owner="BuiltIn">
<doc>Does absolutely nothing.</doc>
<status status="NOT RUN" start="2025-08-08T15:11:14.528725" elapsed="0.000139"/>
</kw>
<status status="NOT RUN" start="2025-08-08T15:11:14.528468" elapsed="0.000527"/>
</branch>
<branch type="ELSE">
<kw name="Fail" owner="BuiltIn">
<arg>Invalid discount type: ${discount_type} must be 'fixed' or 'percent'.</arg>
<doc>Fails the test with the given message and optionally alters its tags.</doc>
<status status="NOT RUN" start="2025-08-08T15:11:14.529347" elapsed="0.000142"/>
</kw>
<status status="NOT RUN" start="2025-08-08T15:11:14.529116" elapsed="0.000504"/>
</branch>
<status status="PASS" start="2025-08-08T15:11:06.204514" elapsed="8.325218"/>
</if>
<kw name="Evaluate" owner="BuiltIn">
<msg time="2025-08-08T15:11:14.530425" level="INFO">${final_subtotal_after_discount} = 35.84</msg>
<var>${final_subtotal_after_discount}</var>
<arg>round(${Total_service} - ${random_discount}, 2)</arg>
<doc>Evaluates the given expression in Python and returns the result.</doc>
<status status="PASS" start="2025-08-08T15:11:14.529879" elapsed="0.000709"/>
</kw>
<kw name="Evaluate" owner="BuiltIn">
<msg time="2025-08-08T15:11:14.531628" level="INFO">${total_tax_value} = 1.79</msg>
<var>${total_tax_value}</var>
<arg>str(__import__('decimal').Decimal(str(${final_subtotal_after_discount} * 0.05)).quantize(__import__('decimal').Decimal('0.01'), rounding=__import__('decimal').ROUND_HALF_UP))</arg>
<doc>Evaluates the given expression in Python and returns the result.</doc>
<status status="PASS" start="2025-08-08T15:11:14.530811" elapsed="0.001039"/>
</kw>
<kw name="Evaluate" owner="BuiltIn">
<msg time="2025-08-08T15:11:14.532540" level="INFO">${final_total_value} = 37.63</msg>
<var>${final_total_value}</var>
<arg>round(${final_subtotal_after_discount} + ${total_tax_value}, 2)</arg>
<doc>Evaluates the given expression in Python and returns the result.</doc>
<status status="PASS" start="2025-08-08T15:11:14.532095" elapsed="0.000581"/>
</kw>
<kw name="Evaluate" owner="BuiltIn">
<msg time="2025-08-08T15:11:14.533301" level="INFO">${final_subtotal_str} = 35.84</msg>
<var>${final_subtotal_str}</var>
<arg>f\"{${final_subtotal_after_discount}:.2f}\"</arg>
<doc>Evaluates the given expression in Python and returns the result.</doc>
<status status="PASS" start="2025-08-08T15:11:14.532895" elapsed="0.000535"/>
</kw>
<kw name="Evaluate" owner="BuiltIn">
<msg time="2025-08-08T15:11:14.534021" level="INFO">${final_tax_str} = 1.79</msg>
<var>${final_tax_str}</var>
<arg>f\"{${total_tax_value}:.2f}\"</arg>
<doc>Evaluates the given expression in Python and returns the result.</doc>
<status status="PASS" start="2025-08-08T15:11:14.533644" elapsed="0.000507"/>
</kw>
<kw name="Evaluate" owner="BuiltIn">
<msg time="2025-08-08T15:11:14.534742" level="INFO">${final_total_str} = 37.63</msg>
<var>${final_total_str}</var>
<arg>f\"{${final_total_value}:.2f}\"</arg>
<doc>Evaluates the given expression in Python and returns the result.</doc>
<status status="PASS" start="2025-08-08T15:11:14.534369" elapsed="0.000501"/>
</kw>
<kw name="Evaluate" owner="BuiltIn">
<msg time="2025-08-08T15:11:14.535449" level="INFO">${final_discount_str} = 92.16</msg>
<var>${final_discount_str}</var>
<arg>f\"{${random_discount}:.2f}\"</arg>
<doc>Evaluates the given expression in Python and returns the result.</doc>
<status status="PASS" start="2025-08-08T15:11:14.535083" elapsed="0.000491"/>
</kw>
<kw name="Evaluate" owner="BuiltIn">
<msg time="2025-08-08T15:11:14.536174" level="INFO">${final_before_discount} = 128.00</msg>
<var>${final_before_discount}</var>
<arg>f\"{${Total_service}:.2f}\"</arg>
<doc>Evaluates the given expression in Python and returns the result.</doc>
<status status="PASS" start="2025-08-08T15:11:14.535800" elapsed="0.000503"/>
</kw>
<kw name="Log" owner="BuiltIn">
<msg time="2025-08-08T15:11:14.536989" level="INFO">Tổng Price (tính toán): Subtotal=35.84, Discount=92.16, Tax=1.79, Total=37.63, Subtotalbefore=128.00</msg>
<arg>Tổng Price (tính toán): Subtotal=${final_subtotal_str}, Discount=${final_discount_str}, Tax=${final_tax_str}, Total=${final_total_str}, Subtotalbefore=${final_before_discount}</arg>
<doc>Logs the given message with the given level.</doc>
<status status="PASS" start="2025-08-08T15:11:14.536514" elapsed="0.000650"/>
</kw>
<kw name="Set Suite Variable" owner="BuiltIn">
<msg time="2025-08-08T15:11:14.539838" level="INFO">${ORIGINAL_PRICE_SUM} = 35.84</msg>
<arg>${ORIGINAL_PRICE_SUM}</arg>
<arg>${final_subtotal_str}</arg>
<doc>Makes a variable available everywhere within the scope of the current suite.</doc>
<status status="PASS" start="2025-08-08T15:11:14.537522" elapsed="0.002481"/>
</kw>
<kw name="Set Suite Variable" owner="BuiltIn">
<msg time="2025-08-08T15:11:14.542173" level="INFO">${ORIGINAL_TAX_SUM} = 1.79</msg>
<arg>${ORIGINAL_TAX_SUM}</arg>
<arg>${final_tax_str}</arg>
<doc>Makes a variable available everywhere within the scope of the current suite.</doc>
<status status="PASS" start="2025-08-08T15:11:14.540227" elapsed="0.002093"/>
</kw>
<kw name="Set Suite Variable" owner="BuiltIn">
<msg time="2025-08-08T15:11:14.544824" level="INFO">${ORIGINAL_TOTAL_SUM} = 37.63</msg>
<arg>${ORIGINAL_TOTAL_SUM}</arg>
<arg>${final_total_str}</arg>
<doc>Makes a variable available everywhere within the scope of the current suite.</doc>
<status status="PASS" start="2025-08-08T15:11:14.542526" elapsed="0.002479"/>
</kw>
<kw name="Set Suite Variable" owner="BuiltIn">
<msg time="2025-08-08T15:11:14.547279" level="INFO">${ORIGINAL_DISCOUNT_VALUE} = 92.16</msg>
<arg>${ORIGINAL_DISCOUNT_VALUE}</arg>
<arg>${final_discount_str}</arg>
<doc>Makes a variable available everywhere within the scope of the current suite.</doc>
<status status="PASS" start="2025-08-08T15:11:14.545291" elapsed="0.002166"/>
</kw>
<kw name="Set Suite Variable" owner="BuiltIn">
<msg time="2025-08-08T15:11:14.549682" level="INFO">${SELECTED_SERVICE_DESCS} = ['Dip Ombre\n50 mins\n$50.00', 'Acrylic Full Set w/ Gel\n50 mins\n$50.00']</msg>
<arg>${SELECTED_SERVICE_DESCS}</arg>
<arg>${selected_service_texts}</arg>
<doc>Makes a variable available everywhere within the scope of the current suite.</doc>
<status status="PASS" start="2025-08-08T15:11:14.547702" elapsed="0.002112"/>
</kw>
<kw name="Set Suite Variable" owner="BuiltIn">
<msg time="2025-08-08T15:11:14.552684" level="INFO">${SELECTED_LISTOF_ADD-ONS} = ['Crystal Nails\n$8.00', 'Nail Grace\n$20.00']</msg>
<arg>${SELECTED_LISTOF_ADD-ONS}</arg>
<arg>${selected_add_on_texts}</arg>
<doc>Makes a variable available everywhere within the scope of the current suite.</doc>
<status status="PASS" start="2025-08-08T15:11:14.550137" elapsed="0.002689"/>
</kw>
<kw name="Set Suite Variable" owner="BuiltIn">
<msg time="2025-08-08T15:11:14.554713" level="INFO">${DISCOUNT_TYPE_APPLIED} = 'percentage'</msg>
<arg>${DISCOUNT_TYPE_APPLIED}</arg>
<arg>${discount_type}</arg>
<doc>Makes a variable available everywhere within the scope of the current suite.</doc>
<status status="PASS" start="2025-08-08T15:11:14.553036" elapsed="0.001803"/>
</kw>
<kw name="Set Suite Variable" owner="BuiltIn">
<msg time="2025-08-08T15:11:14.556914" level="INFO">${SUBTOTAL_BEFORE_DISCOUNT} = 128.00</msg>
<arg>${SUBTOTAL_BEFORE_DISCOUNT}</arg>
<arg>${final_before_discount}</arg>
<doc>Makes a variable available everywhere within the scope of the current suite.</doc>
<status status="PASS" start="2025-08-08T15:11:14.555022" elapsed="0.002024"/>
</kw>
<arg>2</arg>
<arg>2</arg>
<arg>'percentage'</arg>
<arg>'on'</arg>
<arg>${None}</arg>
<status status="PASS" start="2025-08-08T15:11:02.815030" elapsed="11.742151"/>
</kw>
<kw name="Then Get value from system and compare with result for billing summary">
<if>
<branch type="IF" condition="${use_discount} == 'have_discount'">
<kw name="Get Element Attribute" owner="AppiumLibrary">
<msg time="2025-08-08T15:11:14.988045" level="INFO">Element '//android.view.View[@index=23 and @clickable="false"]' attribute 'content-desc' value '$128.00' </msg>
<msg time="2025-08-08T15:11:14.988525" level="INFO">xpath criteria: //android.view.View[@index=23 and @clickable="false"]</msg>
<msg time="2025-08-08T15:11:14.988932" level="INFO">${Subtotal_system} = $128.00</msg>
<var>${Subtotal_system}</var>
<arg>//android.view.View[@index=23 and @clickable="false"]</arg>
<arg>content-desc</arg>
<doc>Get element attribute using given attribute: name, value,...</doc>
<status status="PASS" start="2025-08-08T15:11:14.558275" elapsed="0.430887"/>
</kw>
<kw name="Get Amount Value From Service Desc">
<kw name="Split String" owner="String">
<msg time="2025-08-08T15:11:14.991175" level="INFO">${lines} = ['$128.00']</msg>
<var>${lines}</var>
<arg>${desc}</arg>
<arg>\n</arg>
<doc>Splits the ``string`` using ``separator`` as a delimiter string.</doc>
<status status="PASS" start="2025-08-08T15:11:14.990627" elapsed="0.000736"/>
</kw>
<kw name="Strip String" owner="String">
<msg time="2025-08-08T15:11:14.992167" level="INFO">${amount_str} = $128.00</msg>
<var>${amount_str}</var>
<arg>${lines}[-1]</arg>
<doc>Remove leading and/or trailing whitespaces from the given string.</doc>
<status status="PASS" start="2025-08-08T15:11:14.991697" elapsed="0.000653"/>
</kw>
<kw name="Evaluate" owner="BuiltIn">
<msg time="2025-08-08T15:11:14.993445" level="INFO">${price_match} = ['128.00']</msg>
<var>${price_match}</var>
<arg>re.findall(r"\\$([0-9]+\\.[0-9]{2})", '''${amount_str}''')</arg>
<arg>modules=re</arg>
<doc>Evaluates the given expression in Python and returns the result.</doc>
<status status="PASS" start="2025-08-08T15:11:14.992668" elapsed="0.000966"/>
</kw>
<kw name="Run Keyword If" owner="BuiltIn">
<arg>${price_match} == []</arg>
<arg>Fail</arg>
<arg>Không tìm thấy giá trong amount: ${amount_str}</arg>
<doc>Runs the given keyword with the given arguments, if ``condition`` is true.</doc>
<status status="PASS" start="2025-08-08T15:11:14.993968" elapsed="0.000470"/>
</kw>
<kw name="Evaluate" owner="BuiltIn">
<msg time="2025-08-08T15:11:14.996709" level="INFO">${price_value} = 128.0</msg>
<var>${price_value}</var>
<arg>float(${price_match[0]})</arg>
<doc>Evaluates the given expression in Python and returns the result.</doc>
<status status="PASS" start="2025-08-08T15:11:14.994907" elapsed="0.002039"/>
</kw>
<return>
<value>${price_value}</value>
<status status="PASS" start="2025-08-08T15:11:14.997174" elapsed="0.000202"/>
</return>
<msg time="2025-08-08T15:11:14.997748" level="INFO">${Subtotal_system_value} = 128.0</msg>
<var>${Subtotal_system_value}</var>
<arg>${Subtotal_system}</arg>
<status status="PASS" start="2025-08-08T15:11:14.989810" elapsed="0.008130"/>
</kw>
<kw name="Evaluate" owner="BuiltIn">
<msg time="2025-08-08T15:11:14.998918" level="INFO">${Subtotal_system_value} = 128.00</msg>
<var>${Subtotal_system_value}</var>
<arg>f\"{${Subtotal_system_value}:.2f}\"</arg>
<doc>Evaluates the given expression in Python and returns the result.</doc>
<status status="PASS" start="2025-08-08T15:11:14.998291" elapsed="0.000822"/>
</kw>
<kw name="Log" owner="BuiltIn">
<msg time="2025-08-08T15:11:14.999809" level="INFO">128.00</msg>
<arg>${Subtotal_system_value}</arg>
<doc>Logs the given message with the given level.</doc>
<status status="PASS" start="2025-08-08T15:11:14.999436" elapsed="0.000568"/>
</kw>
<kw name="Get Element Attribute" owner="AppiumLibrary">
<msg time="2025-08-08T15:11:15.391114" level="INFO">Element '//android.view.View[@index=25 and @clickable="false"]' attribute 'content-desc' value '$1.79' </msg>
<msg time="2025-08-08T15:11:15.391553" level="INFO">xpath criteria: //android.view.View[@index=25 and @clickable="false"]</msg>
<msg time="2025-08-08T15:11:15.391872" level="INFO">${Tax_system} = $1.79</msg>
<var>${Tax_system}</var>
<arg>//android.view.View[@index=25 and @clickable="false"]</arg>
<arg>content-desc</arg>
<doc>Get element attribute using given attribute: name, value,...</doc>
<status status="PASS" start="2025-08-08T15:11:15.000267" elapsed="0.391779"/>
</kw>
<kw name="Get Amount Value From Service Desc">
<kw name="Split String" owner="String">
<msg time="2025-08-08T15:11:15.393898" level="INFO">${lines} = ['$1.79']</msg>
<var>${lines}</var>
<arg>${desc}</arg>
<arg>\n</arg>
<doc>Splits the ``string`` using ``separator`` as a delimiter string.</doc>
<status status="PASS" start="2025-08-08T15:11:15.393331" elapsed="0.000759"/>
</kw>
<kw name="Strip String" owner="String">
<msg time="2025-08-08T15:11:15.394895" level="INFO">${amount_str} = $1.79</msg>
<var>${amount_str}</var>
<arg>${lines}[-1]</arg>
<doc>Remove leading and/or trailing whitespaces from the given string.</doc>
<status status="PASS" start="2025-08-08T15:11:15.394426" elapsed="0.000652"/>
</kw>
<kw name="Evaluate" owner="BuiltIn">
<msg time="2025-08-08T15:11:15.396163" level="INFO">${price_match} = ['1.79']</msg>
<var>${price_match}</var>
<arg>re.findall(r"\\$([0-9]+\\.[0-9]{2})", '''${amount_str}''')</arg>
<arg>modules=re</arg>
<doc>Evaluates the given expression in Python and returns the result.</doc>
<status status="PASS" start="2025-08-08T15:11:15.395397" elapsed="0.000951"/>
</kw>
<kw name="Run Keyword If" owner="BuiltIn">
<arg>${price_match} == []</arg>
<arg>Fail</arg>
<arg>Không tìm thấy giá trong amount: ${amount_str}</arg>
<doc>Runs the given keyword with the given arguments, if ``condition`` is true.</doc>
<status status="PASS" start="2025-08-08T15:11:15.396687" elapsed="0.000464"/>
</kw>
<kw name="Evaluate" owner="BuiltIn">
<msg time="2025-08-08T15:11:15.399786" level="INFO">${price_value} = 1.79</msg>
<var>${price_value}</var>
<arg>float(${price_match[0]})</arg>
<doc>Evaluates the given expression in Python and returns the result.</doc>
<status status="PASS" start="2025-08-08T15:11:15.397491" elapsed="0.002555"/>
</kw>
<return>
<value>${price_value}</value>
<status status="PASS" start="2025-08-08T15:11:15.400281" elapsed="0.000201"/>
</return>
<msg time="2025-08-08T15:11:15.400804" level="INFO">${Tax_system_value} = 1.79</msg>
<var>${Tax_system_value}</var>
<arg>${Tax_system}</arg>
<status status="PASS" start="2025-08-08T15:11:15.392564" elapsed="0.008402"/>
</kw>
<kw name="Evaluate" owner="BuiltIn">
<msg time="2025-08-08T15:11:15.401755" level="INFO">${Tax_system_value} = 1.79</msg>
<var>${Tax_system_value}</var>
<arg>f\"{${Tax_system_value}:.2f}\"</arg>
<doc>Evaluates the given expression in Python and returns the result.</doc>
<status status="PASS" start="2025-08-08T15:11:15.401265" elapsed="0.000645"/>
</kw>
<kw name="Log" owner="BuiltIn">
<msg time="2025-08-08T15:11:15.402784" level="INFO">1.79</msg>
<arg>${Tax_system_value}</arg>
<doc>Logs the given message with the given level.</doc>
<status status="PASS" start="2025-08-08T15:11:15.402382" elapsed="0.000680"/>
</kw>
<kw name="Get Element Attribute" owner="AppiumLibrary">
<msg time="2025-08-08T15:11:15.804645" level="INFO">Element '//android.view.View[@index=30 and @clickable="false"]' attribute 'content-desc' value '$37.63' </msg>
<msg time="2025-08-08T15:11:15.805087" level="INFO">xpath criteria: //android.view.View[@index=30 and @clickable="false"]</msg>
<msg time="2025-08-08T15:11:15.805389" level="INFO">${Total_system} = $37.63</msg>
<var>${Total_system}</var>
<arg>//android.view.View[@index=30 and @clickable="false"]</arg>
<arg>content-desc</arg>
<doc>Get element attribute using given attribute: name, value,...</doc>
<status status="PASS" start="2025-08-08T15:11:15.403433" elapsed="0.402140"/>
</kw>
<kw name="Get Amount Value From Service Desc">
<kw name="Split String" owner="String">
<msg time="2025-08-08T15:11:15.807367" level="INFO">${lines} = ['$37.63']</msg>
<var>${lines}</var>
<arg>${desc}</arg>
<arg>\n</arg>
<doc>Splits the ``string`` using ``separator`` as a delimiter string.</doc>
<status status="PASS" start="2025-08-08T15:11:15.806838" elapsed="0.000722"/>
</kw>
<kw name="Strip String" owner="String">
<msg time="2025-08-08T15:11:15.808388" level="INFO">${amount_str} = $37.63</msg>
<var>${amount_str}</var>
<arg>${lines}[-1]</arg>
<doc>Remove leading and/or trailing whitespaces from the given string.</doc>
<status status="PASS" start="2025-08-08T15:11:15.807904" elapsed="0.000677"/>
</kw>
<kw name="Evaluate" owner="BuiltIn">
<msg time="2025-08-08T15:11:15.809704" level="INFO">${price_match} = ['37.63']</msg>
<var>${price_match}</var>
<arg>re.findall(r"\\$([0-9]+\\.[0-9]{2})", '''${amount_str}''')</arg>
<arg>modules=re</arg>
<doc>Evaluates the given expression in Python and returns the result.</doc>
<status status="PASS" start="2025-08-08T15:11:15.808907" elapsed="0.000985"/>
</kw>
<kw name="Run Keyword If" owner="BuiltIn">
<arg>${price_match} == []</arg>
<arg>Fail</arg>
<arg>Không tìm thấy giá trong amount: ${amount_str}</arg>
<doc>Runs the given keyword with the given arguments, if ``condition`` is true.</doc>
<status status="PASS" start="2025-08-08T15:11:15.810243" elapsed="0.000449"/>
</kw>
<kw name="Evaluate" owner="BuiltIn">
<msg time="2025-08-08T15:11:15.813067" level="INFO">${price_value} = 37.63</msg>
<var>${price_value}</var>
<arg>float(${price_match[0]})</arg>
<doc>Evaluates the given expression in Python and returns the result.</doc>
<status status="PASS" start="2025-08-08T15:11:15.810988" elapsed="0.002284"/>
</kw>
<return>
<value>${price_value}</value>
<status status="PASS" start="2025-08-08T15:11:15.813466" elapsed="0.000167"/>
</return>
<msg time="2025-08-08T15:11:15.813942" level="INFO">${Total_system_value} = 37.63</msg>
<var>${Total_system_value}</var>
<arg>${Total_system}</arg>
<status status="PASS" start="2025-08-08T15:11:15.806079" elapsed="0.008020"/>
</kw>
<kw name="Evaluate" owner="BuiltIn">
<msg time="2025-08-08T15:11:15.814870" level="INFO">${Total_system_value} = 37.63</msg>
<var>${Total_system_value}</var>
<arg>f\"{${Total_system_value}:.2f}\"</arg>
<doc>Evaluates the given expression in Python and returns the result.</doc>
<status status="PASS" start="2025-08-08T15:11:15.814383" elapsed="0.000640"/>
</kw>
<kw name="Log" owner="BuiltIn">
<msg time="2025-08-08T15:11:15.815636" level="INFO">37.63</msg>
<arg>${Total_system_value}</arg>
<doc>Logs the given message with the given level.</doc>
<status status="PASS" start="2025-08-08T15:11:15.815294" elapsed="0.000530"/>
</kw>
<kw name="Get Element Attribute" owner="AppiumLibrary">
<msg time="2025-08-08T15:11:16.224846" level="INFO">Element '//android.view.View[contains(@content-desc, "-$") and @index=21 and @clickable="false"]' attribute 'content-desc' value '-$92.16' </msg>
<msg time="2025-08-08T15:11:16.225272" level="INFO">xpath criteria: //android.view.View[contains(@content-desc, "-$") and @index=21 and @clickable="false"]</msg>
<msg time="2025-08-08T15:11:16.225585" level="INFO">${Discount_system} = -$92.16</msg>
<var>${Discount_system}</var>
<arg>//android.view.View[contains(@content-desc, "-$") and @index=21 and @clickable="false"]</arg>
<arg>content-desc</arg>
<doc>Get element attribute using given attribute: name, value,...</doc>
<status status="PASS" start="2025-08-08T15:11:15.816092" elapsed="0.409666"/>
</kw>
<kw name="Get Amount Value From Service Desc">
<kw name="Split String" owner="String">
<msg time="2025-08-08T15:11:16.227547" level="INFO">${lines} = ['-$92.16']</msg>
<var>${lines}</var>
<arg>${desc}</arg>
<arg>\n</arg>
<doc>Splits the ``string`` using ``separator`` as a delimiter string.</doc>
<status status="PASS" start="2025-08-08T15:11:16.227041" elapsed="0.000696"/>
</kw>
<kw name="Strip String" owner="String">
<msg time="2025-08-08T15:11:16.228572" level="INFO">${amount_str} = -$92.16</msg>
<var>${amount_str}</var>
<arg>${lines}[-1]</arg>
<doc>Remove leading and/or trailing whitespaces from the given string.</doc>
<status status="PASS" start="2025-08-08T15:11:16.228087" elapsed="0.000673"/>
</kw>
<kw name="Evaluate" owner="BuiltIn">
<msg time="2025-08-08T15:11:16.229890" level="INFO">${price_match} = ['92.16']</msg>
<var>${price_match}</var>
<arg>re.findall(r"\\$([0-9]+\\.[0-9]{2})", '''${amount_str}''')</arg>
<arg>modules=re</arg>
<doc>Evaluates the given expression in Python and returns the result.</doc>
<status status="PASS" start="2025-08-08T15:11:16.229080" elapsed="0.000998"/>
</kw>
<kw name="Run Keyword If" owner="BuiltIn">
<arg>${price_match} == []</arg>
<arg>Fail</arg>
<arg>Không tìm thấy giá trong amount: ${amount_str}</arg>
<doc>Runs the given keyword with the given arguments, if ``condition`` is true.</doc>
<status status="PASS" start="2025-08-08T15:11:16.230424" elapsed="0.000389"/>
</kw>
<kw name="Evaluate" owner="BuiltIn">
<msg time="2025-08-08T15:11:16.232573" level="INFO">${price_value} = 92.16</msg>
<var>${price_value}</var>
<arg>float(${price_match[0]})</arg>
<doc>Evaluates the given expression in Python and returns the result.</doc>
<status status="PASS" start="2025-08-08T15:11:16.231079" elapsed="0.001659"/>
</kw>
<return>
<value>${price_value}</value>
<status status="PASS" start="2025-08-08T15:11:16.232906" elapsed="0.000150"/>
</return>
<msg time="2025-08-08T15:11:16.233343" level="INFO">${Discount_system_value} = 92.16</msg>
[...]
<kw name="Wait Until Element Is Visible" owner="AppiumLibrary">
<msg time="2025-08-08T15:11:18.958228" level="INFO">xpath criteria: //android.widget.EditText</msg>
<arg>${elm_input}</arg>
<arg>10s</arg>
<doc>Waits until element specified with `locator` is visible.</doc>
<status status="PASS" start="2025-08-08T15:11:18.001314" elapsed="0.958140"/>
</kw>
<kw name="Click Element" owner="AppiumLibrary">
<msg time="2025-08-08T15:11:18.966239" level="INFO">Clicking element '//android.widget.EditText'.</msg>
<msg time="2025-08-08T15:11:20.680099" level="INFO">xpath criteria: //android.widget.EditText</msg>
<arg>${elm_input}</arg>
<doc>Click element identified by `locator`.</doc>
<status status="PASS" start="2025-08-08T15:11:18.960522" elapsed="1.719814"/>
</kw>
<arg>//android.widget.EditText</arg>
<status status="PASS" start="2025-08-08T15:11:18.000442" elapsed="2.680061"/>
</kw>
<kw name="Fill Text Input mobile" owner="Common">
<kw name="Wait Until Element Is Visible" owner="AppiumLibrary">
<msg time="2025-08-08T15:11:20.790575" level="INFO">xpath criteria: //android.widget.EditText</msg>
<arg>${elm_input}</arg>
<arg>10s</arg>
<doc>Waits until element specified with `locator` is visible.</doc>
<status status="PASS" start="2025-08-08T15:11:20.681210" elapsed="0.109744"/>
</kw>
<kw name="Input Text" owner="AppiumLibrary">
<msg time="2025-08-08T15:11:20.795575" level="INFO">Typing text 'SGC240932327903' into text field '//android.widget.EditText'</msg>
<msg time="2025-08-08T15:11:20.913527" level="INFO">xpath criteria: //android.widget.EditText</msg>
<arg>${elm_input}</arg>
<arg>${text}</arg>
<doc>Types the given `text` into text field identified by `locator`.</doc>
<status status="PASS" start="2025-08-08T15:11:20.791376" elapsed="0.122769"/>
</kw>
<arg>//android.widget.EditText</arg>
<arg>${gift_card}</arg>
<status status="PASS" start="2025-08-08T15:11:20.680751" elapsed="0.233893"/>
</kw>
<kw name="Click on Element mobile" owner="Common">
<kw name="Wait Until Element Is Visible" owner="AppiumLibrary">
<msg time="2025-08-08T15:11:21.539526" level="INFO">xpath criteria: //android.view.View[@content-desc="Apply"]</msg>
<arg>${elm_input}</arg>
<arg>10s</arg>
<doc>Waits until element specified with `locator` is visible.</doc>
<status status="PASS" start="2025-08-08T15:11:20.916332" elapsed="0.624192"/>
</kw>
<kw name="Click Element" owner="AppiumLibrary">
<msg time="2025-08-08T15:11:21.548492" level="INFO">Clicking element '//android.view.View[@content-desc="Apply"]'.</msg>
<msg time="2025-08-08T15:11:22.631435" level="INFO">xpath criteria: //android.view.View[@content-desc="Apply"]</msg>
<arg>${elm_input}</arg>
<doc>Click element identified by `locator`.</doc>
<status status="PASS" start="2025-08-08T15:11:21.541535" elapsed="1.090430"/>
</kw>
<arg>//android.view.View[@content-desc="Apply"]</arg>
<status status="PASS" start="2025-08-08T15:11:20.915390" elapsed="1.716935"/>
</kw>
<arg>${Gift_card}</arg>
<status status="PASS" start="2025-08-08T15:11:17.999000" elapsed="4.633590"/>
</kw>
<kw name="And User clicks Submit button">
<kw name="Click on Element mobile" owner="Common">
<kw name="Wait Until Element Is Visible" owner="AppiumLibrary">
<msg time="2025-08-08T15:11:22.867543" level="INFO">xpath criteria: //android.view.View[@content-desc="Submit"]</msg>
<arg>${elm_input}</arg>
<arg>10s</arg>
<doc>Waits until element specified with `locator` is visible.</doc>
<status status="PASS" start="2025-08-08T15:11:22.635258" elapsed="0.232940"/>
</kw>
<kw name="Click Element" owner="AppiumLibrary">
<msg time="2025-08-08T15:11:22.874038" level="INFO">Clicking element '//android.view.View[@content-desc="Submit"]'.</msg>
<msg time="2025-08-08T15:11:23.057461" level="INFO">xpath criteria: //android.view.View[@content-desc="Submit"]</msg>
<arg>${elm_input}</arg>
<doc>Click element identified by `locator`.</doc>
<status status="PASS" start="2025-08-08T15:11:22.868836" elapsed="0.189436"/>
</kw>
<arg>${elm_btn_Submit}</arg>
<status status="PASS" start="2025-08-08T15:11:22.634160" elapsed="0.424595"/>
</kw>
<status status="PASS" start="2025-08-08T15:11:22.633347" elapsed="0.425662"/>
</kw>
<kw name="Then System should display notify message as">
<kw name="Check validation error message Android" owner="Common">
<kw name="Wait Until Element Is Visible" owner="AppiumLibrary">
<msg time="2025-08-08T15:11:27.001964" level="INFO">xpath criteria: //android.view.View[@content-desc="Proceed payment successfully"]
xpath criteria: //android.view.View[@content-desc="Proceed payment successfully"]
xpath criteria: //android.view.View[@content-desc="Proceed payment successfully"]
xpath criteria: //android.view.View[@content-desc="Proceed payment successfully"]
xpath criteria: //android.view.View[@content-desc="Proceed payment successfully"]
xpath criteria: //android.view.View[@content-desc="Proceed payment successfully"]</msg>
<arg>${Elm_message}</arg>
<arg>15s</arg>
<doc>Waits until element specified with `locator` is visible.</doc>
<status status="PASS" start="2025-08-08T15:11:23.062717" elapsed="3.940400"/>
</kw>
<kw name="Get Element Attribute" owner="AppiumLibrary">
<msg time="2025-08-08T15:11:27.118998" level="INFO">Element '//android.view.View[@content-desc="Proceed payment successfully"]' attribute 'content-desc' value 'Proceed payment successfully' </msg>
<msg time="2025-08-08T15:11:27.119726" level="INFO">xpath criteria: //android.view.View[@content-desc="Proceed payment successfully"]</msg>
<msg time="2025-08-08T15:11:27.120192" level="INFO">${actual} = Proceed payment successfully</msg>
<var>${actual}</var>
<arg>${Elm_message}</arg>
<arg>content-desc</arg>
<doc>Get element attribute using given attribute: name, value,...</doc>
<status status="PASS" start="2025-08-08T15:11:27.004008" elapsed="0.116423"/>
</kw>
<kw name="Should Be Equal As Strings" owner="BuiltIn">
<arg>${actual}</arg>
<arg>${Expected_message}</arg>
<arg>Validation text successfully -&gt; Expected: '${Expected_message}', Observed: '${actual}'</arg>
<doc>Fails if objects are unequal after converting them to strings.</doc>
<status status="PASS" start="2025-08-08T15:11:27.121062" elapsed="0.001188"/>
</kw>
<kw name="Set Test Message" owner="BuiltIn">
<msg time="2025-08-08T15:11:27.123256" level="INFO">Set test message to:
validation error message with 'Proceed payment successfully'</msg>
<arg>validation error message with '${actual}'</arg>
<doc>Sets message for the current test case.</doc>
<status status="PASS" start="2025-08-08T15:11:27.122745" elapsed="0.000764"/>
</kw>
<arg>//android.view.View[@content-desc="${message}"]</arg>
<arg>${message}</arg>
<status status="PASS" start="2025-08-08T15:11:23.061518" elapsed="4.062226"/>
</kw>
<arg>Proceed payment successfully</arg>
<status status="PASS" start="2025-08-08T15:11:23.060002" elapsed="4.063955"/>
</kw>
<kw name="Then System should display text on screen as">
<kw name="Check validation error message Android" owner="Common">
<kw name="Wait Until Element Is Visible" owner="AppiumLibrary">
<msg time="2025-08-08T15:11:27.236028" level="INFO">xpath criteria: //android.view.View[@content-desc="Your payment is confirmed!"]</msg>
<arg>${Elm_message}</arg>
<arg>15s</arg>
<doc>Waits until element specified with `locator` is visible.</doc>
<status status="PASS" start="2025-08-08T15:11:27.126273" elapsed="0.110606"/>
</kw>
<kw name="Get Element Attribute" owner="AppiumLibrary">
<msg time="2025-08-08T15:11:27.342846" level="INFO">Element '//android.view.View[@content-desc="Your payment is confirmed!"]' attribute 'content-desc' value 'Your payment is confirmed!' </msg>
<msg time="2025-08-08T15:11:27.343379" level="INFO">xpath criteria: //android.view.View[@content-desc="Your payment is confirmed!"]</msg>
<msg time="2025-08-08T15:11:27.343771" level="INFO">${actual} = Your payment is confirmed!</msg>
<var>${actual}</var>
<arg>${Elm_message}</arg>
<arg>content-desc</arg>
<doc>Get element attribute using given attribute: name, value,...</doc>
<status status="PASS" start="2025-08-08T15:11:27.237697" elapsed="0.106304"/>
</kw>
<kw name="Should Be Equal As Strings" owner="BuiltIn">
<arg>${actual}</arg>
<arg>${Expected_message}</arg>
<arg>Validation text successfully -&gt; Expected: '${Expected_message}', Observed: '${actual}'</arg>
<doc>Fails if objects are unequal after converting them to strings.</doc>
<status status="PASS" start="2025-08-08T15:11:27.344512" elapsed="0.000980"/>
</kw>
<kw name="Set Test Message" owner="BuiltIn">
<msg time="2025-08-08T15:11:27.346400" level="INFO">Set test message to:
validation error message with 'Your payment is confirmed!'</msg>
<arg>validation error message with '${actual}'</arg>
<doc>Sets message for the current test case.</doc>
<status status="PASS" start="2025-08-08T15:11:27.345957" elapsed="0.000851"/>
</kw>
<arg>//android.view.View[@content-desc="${text}"]</arg>
<arg>${text}</arg>
<status status="PASS" start="2025-08-08T15:11:27.125422" elapsed="0.221633"/>
</kw>
<arg>Your payment is confirmed!</arg>
<status status="PASS" start="2025-08-08T15:11:27.124601" elapsed="0.222673"/>
</kw>
<kw name="When Choose send receipt to Email">
<kw name="Click on Element mobile" owner="Common">
<kw name="Wait Until Element Is Visible" owner="AppiumLibrary">
<msg time="2025-08-08T15:11:27.455429" level="INFO">xpath criteria: //android.view.View[@content-desc="Email"]</msg>
<arg>${elm_input}</arg>
<arg>10s</arg>
<doc>Waits until element specified with `locator` is visible.</doc>
<status status="PASS" start="2025-08-08T15:11:27.350678" elapsed="0.104975"/>
</kw>
<kw name="Click Element" owner="AppiumLibrary">
<msg time="2025-08-08T15:11:27.457917" level="INFO">Clicking element '//android.view.View[@content-desc="Email"]'.</msg>
<msg time="2025-08-08T15:11:27.589660" level="INFO">xpath criteria: //android.view.View[@content-desc="Email"]</msg>
<arg>${elm_input}</arg>
<doc>Click element identified by `locator`.</doc>
<status status="PASS" start="2025-08-08T15:11:27.455876" elapsed="0.134164"/>
</kw>
<arg>//android.view.View[@content-desc="Email"]</arg>
<status status="PASS" start="2025-08-08T15:11:27.349951" elapsed="0.240373"/>
</kw>
<kw name="Click on Element mobile" owner="Common">
<kw name="Wait Until Element Is Visible" owner="AppiumLibrary">
<msg time="2025-08-08T15:11:31.208528" level="INFO">xpath criteria: //android.widget.EditText
xpath criteria: //android.widget.EditText
xpath criteria: //android.widget.EditText
xpath criteria: //android.widget.EditText
xpath criteria: //android.widget.EditText</msg>
<arg>${elm_input}</arg>
<arg>10s</arg>
<doc>Waits until element specified with `locator` is visible.</doc>
<status status="PASS" start="2025-08-08T15:11:27.591445" elapsed="3.617572"/>
</kw>
<kw name="Click Element" owner="AppiumLibrary">
<msg time="2025-08-08T15:11:31.214086" level="INFO">Clicking element '//android.widget.EditText'.</msg>
<msg time="2025-08-08T15:11:31.383071" level="INFO">xpath criteria: //android.widget.EditText</msg>
<arg>${elm_input}</arg>
<doc>Click element identified by `locator`.</doc>
<status status="PASS" start="2025-08-08T15:11:31.209537" elapsed="0.174479"/>
</kw>
<arg>//android.widget.EditText</arg>
<status status="PASS" start="2025-08-08T15:11:27.590755" elapsed="3.794113"/>
</kw>
<kw name="Fill Text Input mobile" owner="Common">
<kw name="Wait Until Element Is Visible" owner="AppiumLibrary">
<msg time="2025-08-08T15:11:32.539333" level="INFO">xpath criteria: //android.widget.EditText</msg>
<arg>${elm_input}</arg>
<arg>10s</arg>
<doc>Waits until element specified with `locator` is visible.</doc>
<status status="PASS" start="2025-08-08T15:11:31.387310" elapsed="1.152963"/>
</kw>
<kw name="Input Text" owner="AppiumLibrary">
<msg time="2025-08-08T15:11:32.546775" level="INFO">Typing text 'school@yopmail.com' into text field '//android.widget.EditText'</msg>
<msg time="2025-08-08T15:11:32.710169" level="INFO">xpath criteria: //android.widget.EditText</msg>
<arg>${elm_input}</arg>
<arg>${text}</arg>
<doc>Types the given `text` into text field identified by `locator`.</doc>
<status status="PASS" start="2025-08-08T15:11:32.541056" elapsed="0.169570"/>
</kw>
<arg>//android.widget.EditText</arg>
<arg>${email}</arg>
<status status="PASS" start="2025-08-08T15:11:31.385818" elapsed="1.325173"/>
</kw>
<kw name="Click on Element mobile" owner="Common">
<kw name="Wait Until Element Is Visible" owner="AppiumLibrary">
<msg time="2025-08-08T15:11:33.513873" level="INFO">xpath criteria: //android.widget.ScrollView/android.view.View[7]</msg>
<arg>${elm_input}</arg>
<arg>10s</arg>
<doc>Waits until element specified with `locator` is visible.</doc>
<status status="PASS" start="2025-08-08T15:11:32.712146" elapsed="0.802861"/>
</kw>
<kw name="Click Element" owner="AppiumLibrary">
<msg time="2025-08-08T15:11:33.521634" level="INFO">Clicking element '//android.widget.ScrollView/android.view.View[7]'.</msg>
<msg time="2025-08-08T15:11:34.551369" level="INFO">xpath criteria: //android.widget.ScrollView/android.view.View[7]</msg>
<arg>${elm_input}</arg>
<doc>Click element identified by `locator`.</doc>
<status status="PASS" start="2025-08-08T15:11:33.515966" elapsed="1.035727"/>
</kw>
<arg>//android.widget.ScrollView/android.view.View[7]</arg>
<status status="PASS" start="2025-08-08T15:11:32.711441" elapsed="1.840492"/>
</kw>
<kw name="Click on Element mobile" owner="Common">
<kw name="Wait Until Element Is Visible" owner="AppiumLibrary">
<msg time="2025-08-08T15:11:34.657515" level="INFO">xpath criteria: //android.widget.EditText[@text="school@yopmail.com"]/android.view.View</msg>
<arg>${elm_input}</arg>
<arg>10s</arg>
<doc>Waits until element specified with `locator` is visible.</doc>
<status status="PASS" start="2025-08-08T15:11:34.553012" elapsed="0.105226"/>
</kw>
<kw name="Click Element" owner="AppiumLibrary">
<msg time="2025-08-08T15:11:34.663586" level="INFO">Clicking element '//android.widget.EditText[@text="school@yopmail.com"]/android.view.View'.</msg>
<msg time="2025-08-08T15:11:35.340573" level="INFO">xpath criteria: //android.widget.EditText[@text="school@yopmail.com"]/android.view.View</msg>
<arg>${elm_input}</arg>
<doc>Click element identified by `locator`.</doc>
<status status="PASS" start="2025-08-08T15:11:34.658904" elapsed="0.682722"/>
</kw>
<arg>//android.widget.EditText[@text="${email}"]/android.view.View</arg>
<status status="PASS" start="2025-08-08T15:11:34.552324" elapsed="0.789814"/>
</kw>
<kw name="Click on Element mobile" owner="Common">
<kw name="Wait Until Element Is Visible" owner="AppiumLibrary">
<msg time="2025-08-08T15:11:35.455602" level="INFO">xpath criteria: //android.view.View[@content-desc="SEND"]</msg>
<arg>${elm_input}</arg>
<arg>10s</arg>
<doc>Waits until element specified with `locator` is visible.</doc>
<status status="PASS" start="2025-08-08T15:11:35.344117" elapsed="0.112623"/>
</kw>
<kw name="Click Element" owner="AppiumLibrary">
<msg time="2025-08-08T15:11:35.463717" level="INFO">Clicking element '//android.view.View[@content-desc="SEND"]'.</msg>
<msg time="2025-08-08T15:11:37.364909" level="INFO">xpath criteria: //android.view.View[@content-desc="SEND"]</msg>
<arg>${elm_input}</arg>
<doc>Click element identified by `locator`.</doc>
<status status="PASS" start="2025-08-08T15:11:35.457822" elapsed="1.907544"/>
</kw>
<arg>//android.view.View[@content-desc="SEND"]</arg>
<status status="PASS" start="2025-08-08T15:11:35.343004" elapsed="2.022723"/>
</kw>
<arg>school@yopmail.com</arg>
<status status="PASS" start="2025-08-08T15:11:27.348926" elapsed="10.017088"/>
</kw>
<kw name="Then System should display notify message as">
<kw name="Check validation error message Android" owner="Common">
<kw name="Wait Until Element Is Visible" owner="AppiumLibrary">
<msg time="2025-08-08T15:11:37.469082" level="INFO">xpath criteria: //android.view.View[@content-desc="Send Receipt Successfully"]</msg>
<arg>${Elm_message}</arg>
<arg>15s</arg>
<doc>Waits until element specified with `locator` is visible.</doc>
<status status="PASS" start="2025-08-08T15:11:37.368251" elapsed="0.101655"/>
</kw>
<kw name="Get Element Attribute" owner="AppiumLibrary">
<msg time="2025-08-08T15:11:37.579029" level="INFO">Element '//android.view.View[@content-desc="Send Receipt Successfully"]' attribute 'content-desc' value 'Send Receipt Successfully' </msg>
<msg time="2025-08-08T15:11:37.579765" level="INFO">xpath criteria: //android.view.View[@content-desc="Send Receipt Successfully"]</msg>
<msg time="2025-08-08T15:11:37.580190" level="INFO">${actual} = Send Receipt Successfully</msg>
<var>${actual}</var>
<arg>${Elm_message}</arg>
<arg>content-desc</arg>
<doc>Get element attribute using given attribute: name, value,...</doc>
<status status="PASS" start="2025-08-08T15:11:37.470707" elapsed="0.109709"/>
</kw>
<kw name="Should Be Equal As Strings" owner="BuiltIn">
<arg>${actual}</arg>
<arg>${Expected_message}</arg>
<arg>Validation text successfully -&gt; Expected: '${Expected_message}', Observed: '${actual}'</arg>
<doc>Fails if objects are unequal after converting them to strings.</doc>
<status status="PASS" start="2025-08-08T15:11:37.581129" elapsed="0.000809"/>
</kw>
<kw name="Set Test Message" owner="BuiltIn">
<msg time="2025-08-08T15:11:37.582699" level="INFO">Set test message to:
validation error message with 'Send Receipt Successfully'</msg>
<arg>validation error message with '${actual}'</arg>
<doc>Sets message for the current test case.</doc>
<status status="PASS" start="2025-08-08T15:11:37.582309" elapsed="0.000631"/>
</kw>
<arg>//android.view.View[@content-desc="${message}"]</arg>
<arg>${message}</arg>
<status status="PASS" start="2025-08-08T15:11:37.367432" elapsed="0.215736"/>
</kw>
<arg>Send Receipt Successfully</arg>
<status status="PASS" start="2025-08-08T15:11:37.366643" elapsed="0.216742"/>
</kw>
<kw name="When Choose No Receipt">
<kw name="Click on Element mobile" owner="Common">
<kw name="Wait Until Element Is Visible" owner="AppiumLibrary">
<msg time="2025-08-08T15:11:37.685690" level="INFO">xpath criteria: //android.view.View[@content-desc="No receipt"]</msg>
<arg>${elm_input}</arg>
<arg>10s</arg>
<doc>Waits until element specified with `locator` is visible.</doc>
<status status="PASS" start="2025-08-08T15:11:37.585418" elapsed="0.100939"/>
</kw>
<kw name="Click Element" owner="AppiumLibrary">
<msg time="2025-08-08T15:11:37.691918" level="INFO">Clicking element '//android.view.View[@content-desc="No receipt"]'.</msg>
<msg time="2025-08-08T15:11:37.833917" level="INFO">xpath criteria: //android.view.View[@content-desc="No receipt"]</msg>
<arg>${elm_input}</arg>
<doc>Click element identified by `locator`.</doc>
<status status="PASS" start="2025-08-08T15:11:37.686975" elapsed="0.147392"/>
</kw>
<arg>${elm_Option_NoReceipt}</arg>
<status status="PASS" start="2025-08-08T15:11:37.584717" elapsed="0.250011"/>
</kw>
<status status="PASS" start="2025-08-08T15:11:37.583979" elapsed="0.251016"/>
</kw>
<status status="PASS" start="2025-08-08T15:11:01.190109" elapsed="36.645599">validation error message with 'Send Receipt Successfully'</status>
</test>
<kw name="Basic TearDowns Android" owner="Common" type="TEARDOWN">
<kw name="Sleep" owner="BuiltIn">
<msg time="2025-08-08T15:11:40.840933" level="INFO">Slept 3 seconds.</msg>
<arg>3</arg>
<doc>Pauses the test executed for the given time.</doc>
<status status="PASS" start="2025-08-08T15:11:37.838895" elapsed="3.002636"/>
</kw>
<kw name="Close Application" owner="AppiumLibrary">
<doc>Closes the current application and also close webdriver session.</doc>
<status status="PASS" start="2025-08-08T15:11:40.842040" elapsed="0.466007"/>
</kw>
<status status="PASS" start="2025-08-08T15:11:37.838179" elapsed="3.470778"/>
</kw>
<status status="PASS" start="2025-08-08T15:10:55.571314" elapsed="45.737976"/>
</suite>
<statistics>
<total>
<stat pass="1" fail="0" skip="0">All Tests</stat>
</total>
<tag>
</tag>
<suite>
<stat name="CheckoutTestcal" id="s1" pass="1" fail="0" skip="0">CheckoutTestcal</stat>
</suite>
</statistics>
<errors>
</errors>
</robot>
