<?xml version="1.0" encoding="UTF-8"?>
<robot generator="Robot 7.3.2 (Python 3.9.6 on darwin)" generated="2025-07-22T18:04:32.840368" rpa="false" schemaversion="5">
<suite id="s1" name="CheckOutAndroid" source="/Users/apple/Downloads/School/PycharmProjects/BizBookly/Tests/Checkout/CheckOutAndroid.robot">
<kw name="Basic Setup Android" owner="Common" type="SETUP">
<kw name="Open Application" owner="AppiumLibrary">
<arg>${APPIUM_SERVER_URL}</arg>
<arg>platformName=${PLATFORM_NAME_Android}</arg>
<arg>appium:automationName=${AUTOMATION_NAME_Android}</arg>
<arg>appium:udid=${UDID_Android}</arg>
<arg>appium:appPackage=${APP_PACKAGE}</arg>
<arg>appium:appActivity=${APP_ACTIVITY}</arg>
<arg>noReset=true</arg>
<arg>autoGrantPermissions=true</arg>
<doc>Opens a new application to given Appium server.
Capabilities of appium server, Android and iOS,
Please check https://appium.io/docs/en/2.1/cli/args/
| *Option*            | *Man.* | *Description*     |
| remote_url          | Yes    | Appium server url |
| alias               | no     | alias             |
| strict_ssl          | No     | allows you to send commands to an invalid certificate host like a self-signed one. |</doc>
<status status="PASS" start="2025-07-22T18:04:32.958191" elapsed="5.112103"/>
</kw>
<status status="PASS" start="2025-07-22T18:04:32.957567" elapsed="5.113212"/>
</kw>
<test id="s1-t1" name="Verify Check out Cash and send email" line="426">
<kw name="Given Find and choose Technician" owner="Common">
<for flavor="IN RANGE">
<iter>
<kw name="Run Keyword And Return Status" owner="BuiltIn">
<kw name="Element Should Be Visible" owner="AppiumLibrary">
<msg time="2025-07-22T18:04:38.931219" level="INFO">xpath criteria: //android.view.View[contains(@content-desc, "caisse")]</msg>
<arg>//android.view.View[contains(@content-desc, "${Technician}")]</arg>
<doc>Verifies that element identified with locator is visible.</doc>
<status status="PASS" start="2025-07-22T18:04:38.073206" elapsed="0.860049"/>
</kw>
<msg time="2025-07-22T18:04:38.933708" level="INFO">${exists} = True</msg>
<var>${exists}</var>
<arg>AppiumLibrary.Element Should Be Visible</arg>
<arg>//android.view.View[contains(@content-desc, "${Technician}")]</arg>
<doc>Runs the given keyword with given arguments and returns the status as a Boolean value.</doc>
<status status="PASS" start="2025-07-22T18:04:38.072857" elapsed="0.861061"/>
</kw>
<kw name="Exit For Loop If" owner="BuiltIn">
<msg time="2025-07-22T18:04:38.934962" level="INFO">Exiting for loop altogether.</msg>
<arg>${exists}</arg>
<doc>Stops executing the enclosing FOR loop if the ``condition`` is true.</doc>
<status status="PASS" start="2025-07-22T18:04:38.934385" elapsed="0.001800"/>
</kw>
<kw name="Click Element" owner="AppiumLibrary">
<arg>//android.view.View[@content-desc="Next Page"]</arg>
<doc>Click element identified by `locator`.</doc>
<status status="NOT RUN" start="2025-07-22T18:04:38.936545" elapsed="0.000226"/>
</kw>
<kw name="Sleep" owner="BuiltIn">
<arg>0.5s</arg>
<doc>Pauses the test executed for the given time.</doc>
<status status="NOT RUN" start="2025-07-22T18:04:38.937552" elapsed="0.000318"/>
</kw>
<var name="${i}">0</var>
<status status="PASS" start="2025-07-22T18:04:38.072612" elapsed="0.865635"/>
</iter>
<var>${i}</var>
<value>20</value>
<status status="PASS" start="2025-07-22T18:04:38.072274" elapsed="0.866403"/>
</for>
<kw name="Get Element Attribute" owner="AppiumLibrary">
<msg time="2025-07-22T18:04:39.246719" level="INFO">Element '//android.view.View[contains(@content-desc, "caisse")]' attribute 'content-desc' value 'caisse
 27 Min
 0 Min' </msg>
<msg time="2025-07-22T18:04:39.247109" level="INFO">xpath criteria: //android.view.View[contains(@content-desc, "caisse")]</msg>
<msg time="2025-07-22T18:04:39.247407" level="INFO">${Actual_technician} = caisse
 27 Min
 0 Min</msg>
<var>${Actual_technician}</var>
<arg>//android.view.View[contains(@content-desc, "${Technician}")]</arg>
<arg>content-desc</arg>
<doc>Get element attribute using given attribute: name, value,...</doc>
<status status="PASS" start="2025-07-22T18:04:38.939153" elapsed="0.308435"/>
</kw>
<kw name="Should Contain" owner="BuiltIn">
<arg>${Actual_technician}</arg>
<arg>${Technician}</arg>
<doc>Fails if ``container`` does not contain ``item`` one or more times.</doc>
<status status="PASS" start="2025-07-22T18:04:39.247994" elapsed="0.000587"/>
</kw>
<kw name="Click Element" owner="AppiumLibrary">
<msg time="2025-07-22T18:04:39.253001" level="INFO">Clicking element '//android.view.View[contains(@content-desc, "caisse")]'.</msg>
<msg time="2025-07-22T18:04:39.594384" level="INFO">xpath criteria: //android.view.View[contains(@content-desc, "caisse")]</msg>
<arg>//android.view.View[contains(@content-desc, "${Technician}")]</arg>
<doc>Click element identified by `locator`.</doc>
<status status="PASS" start="2025-07-22T18:04:39.249028" elapsed="0.345730"/>
</kw>
<arg>caisse</arg>
<status status="PASS" start="2025-07-22T18:04:38.071797" elapsed="1.523261"/>
</kw>
<kw name="And Find Categories services" owner="Common">
<for flavor="IN RANGE">
<iter>
<kw name="Run Keyword And Return Status" owner="BuiltIn">
<kw name="Element Should Be Visible" owner="AppiumLibrary">
<msg time="2025-07-22T18:04:40.374950" level="INFO">xpath criteria: //android.view.View[contains(@content-desc, "Crystal Nails")]</msg>
<arg>//android.view.View[contains(@content-desc, "${Services}")]</arg>
<doc>Verifies that element identified with locator is visible.</doc>
<status status="PASS" start="2025-07-22T18:04:39.598925" elapsed="0.776448"/>
</kw>
<msg time="2025-07-22T18:04:40.375802" level="INFO">${exists} = True</msg>
<var>${exists}</var>
<arg>AppiumLibrary.Element Should Be Visible</arg>
<arg>//android.view.View[contains(@content-desc, "${Services}")]</arg>
<doc>Runs the given keyword with given arguments and returns the status as a Boolean value.</doc>
<status status="PASS" start="2025-07-22T18:04:39.598373" elapsed="0.777609"/>
</kw>
<kw name="Exit For Loop If" owner="BuiltIn">
<msg time="2025-07-22T18:04:40.376977" level="INFO">Exiting for loop altogether.</msg>
<arg>${exists}</arg>
<doc>Stops executing the enclosing FOR loop if the ``condition`` is true.</doc>
<status status="PASS" start="2025-07-22T18:04:40.376424" elapsed="0.000893"/>
</kw>
<kw name="Click Element" owner="AppiumLibrary">
<arg>//android.view.View[@content-desc="Next Page"]</arg>
<doc>Click element identified by `locator`.</doc>
<status status="NOT RUN" start="2025-07-22T18:04:40.377732" elapsed="0.000223"/>
</kw>
<kw name="Sleep" owner="BuiltIn">
<arg>0.5s</arg>
<doc>Pauses the test executed for the given time.</doc>
<status status="NOT RUN" start="2025-07-22T18:04:40.378316" elapsed="0.000207"/>
</kw>
<var name="${i}">0</var>
<status status="PASS" start="2025-07-22T18:04:39.597719" elapsed="0.781008"/>
</iter>
<var>${i}</var>
<value>20</value>
<status status="PASS" start="2025-07-22T18:04:39.597054" elapsed="0.781905"/>
</for>
<kw name="Get Element Attribute" owner="AppiumLibrary">
<msg time="2025-07-22T18:04:40.642089" level="INFO">Element '//android.view.View[contains(@content-desc, "Crystal Nails")]' attribute 'content-desc' value 'Crystal Nails
$8.00' </msg>
<msg time="2025-07-22T18:04:40.642560" level="INFO">xpath criteria: //android.view.View[contains(@content-desc, "Crystal Nails")]</msg>
<msg time="2025-07-22T18:04:40.642875" level="INFO">${Actual_Services} = Crystal Nails
$8.00</msg>
<var>${Actual_Services}</var>
<arg>//android.view.View[contains(@content-desc, "${Services}")]</arg>
<arg>content-desc</arg>
<doc>Get element attribute using given attribute: name, value,...</doc>
<status status="PASS" start="2025-07-22T18:04:40.379303" elapsed="0.263750"/>
</kw>
<kw name="Should Contain" owner="BuiltIn">
<arg>${Actual_Services}</arg>
<arg>${Services}</arg>
<doc>Fails if ``container`` does not contain ``item`` one or more times.</doc>
<status status="PASS" start="2025-07-22T18:04:40.643471" elapsed="0.000571"/>
</kw>
<kw name="Click Element" owner="AppiumLibrary">
<msg time="2025-07-22T18:04:40.648119" level="INFO">Clicking element '//android.view.View[contains(@content-desc, "Crystal Nails")]'.</msg>
<msg time="2025-07-22T18:04:41.435966" level="INFO">xpath criteria: //android.view.View[contains(@content-desc, "Crystal Nails")]</msg>
<arg>//android.view.View[contains(@content-desc, "${Services}")]</arg>
<doc>Click element identified by `locator`.</doc>
<status status="PASS" start="2025-07-22T18:04:40.644373" elapsed="0.792362"/>
</kw>
<arg>Crystal Nails</arg>
<status status="PASS" start="2025-07-22T18:04:39.596129" elapsed="1.841146"/>
</kw>
<kw name="Then Check validation error message Android" owner="Common">
<kw name="Wait Until Element Is Visible" owner="AppiumLibrary">
<msg time="2025-07-22T18:04:41.701464" level="INFO">xpath criteria: (//android.view.View[@content-desc="$8.00"])[2]</msg>
<arg>${Elm_message}</arg>
<arg>15s</arg>
<doc>Waits until element specified with `locator` is visible.</doc>
<status status="PASS" start="2025-07-22T18:04:41.439672" elapsed="0.262181"/>
</kw>
<kw name="Get Element Attribute" owner="AppiumLibrary">
<msg time="2025-07-22T18:04:41.952204" level="INFO">Element 'xpath=(//android.view.View[@content-desc="$8.00"])[2]' attribute 'content-desc' value '$8.00' </msg>
<msg time="2025-07-22T18:04:41.952584" level="INFO">xpath criteria: (//android.view.View[@content-desc="$8.00"])[2]</msg>
<msg time="2025-07-22T18:04:41.952884" level="INFO">${actual} = $8.00</msg>
<var>${actual}</var>
<arg>${Elm_message}</arg>
<arg>content-desc</arg>
<doc>Get element attribute using given attribute: name, value,...</doc>
<status status="PASS" start="2025-07-22T18:04:41.702277" elapsed="0.250786"/>
</kw>
<kw name="Should Be Equal As Strings" owner="BuiltIn">
<arg>${actual}</arg>
<arg>${Expected_message}</arg>
<arg>Validation text successfully -&gt; Expected: '${Expected_message}', Observed: '${actual}'</arg>
<doc>Fails if objects are unequal after converting them to strings.</doc>
<status status="PASS" start="2025-07-22T18:04:41.953483" elapsed="0.000801"/>
</kw>
<kw name="Set Test Message" owner="BuiltIn">
<msg time="2025-07-22T18:04:41.955061" level="INFO">Set test message to:
validation error message with '$8.00'</msg>
<arg>validation error message with '${actual}'</arg>
<doc>Sets message for the current test case.</doc>
<status status="PASS" start="2025-07-22T18:04:41.954632" elapsed="0.000672"/>
</kw>
<arg>xpath=(//android.view.View[@content-desc="$8.00"])[2]</arg>
<arg>$8.00</arg>
<status status="PASS" start="2025-07-22T18:04:41.438491" elapsed="0.517041"/>
</kw>
<kw name="And Check validation error message Android" owner="Common">
<kw name="Wait Until Element Is Visible" owner="AppiumLibrary">
<msg time="2025-07-22T18:04:42.198315" level="INFO">xpath criteria: //android.view.View[@content-desc="$0.40"]</msg>
<arg>${Elm_message}</arg>
<arg>15s</arg>
<doc>Waits until element specified with `locator` is visible.</doc>
<status status="PASS" start="2025-07-22T18:04:41.956939" elapsed="0.241922"/>
</kw>
<kw name="Get Element Attribute" owner="AppiumLibrary">
<msg time="2025-07-22T18:04:42.449341" level="INFO">Element '//android.view.View[@content-desc="$0.40"]' attribute 'content-desc' value '$0.40' </msg>
<msg time="2025-07-22T18:04:42.449784" level="INFO">xpath criteria: //android.view.View[@content-desc="$0.40"]</msg>
<msg time="2025-07-22T18:04:42.450090" level="INFO">${actual} = $0.40</msg>
<var>${actual}</var>
<arg>${Elm_message}</arg>
<arg>content-desc</arg>
<doc>Get element attribute using given attribute: name, value,...</doc>
<status status="PASS" start="2025-07-22T18:04:42.199409" elapsed="0.250860"/>
</kw>
<kw name="Should Be Equal As Strings" owner="BuiltIn">
<arg>${actual}</arg>
<arg>${Expected_message}</arg>
<arg>Validation text successfully -&gt; Expected: '${Expected_message}', Observed: '${actual}'</arg>
<doc>Fails if objects are unequal after converting them to strings.</doc>
<status status="PASS" start="2025-07-22T18:04:42.450706" elapsed="0.000829"/>
</kw>
<kw name="Set Test Message" owner="BuiltIn">
<msg time="2025-07-22T18:04:42.452282" level="INFO">Set test message to:
validation error message with '$0.40'</msg>
<arg>validation error message with '${actual}'</arg>
<doc>Sets message for the current test case.</doc>
<status status="PASS" start="2025-07-22T18:04:42.451889" elapsed="0.000641"/>
</kw>
<arg>//android.view.View[@content-desc="$0.40"]</arg>
<arg>$0.40</arg>
<status status="PASS" start="2025-07-22T18:04:41.956124" elapsed="0.496630"/>
</kw>
<kw name="And Check validation error message Android" owner="Common">
<kw name="Wait Until Element Is Visible" owner="AppiumLibrary">
<msg time="2025-07-22T18:04:42.692331" level="INFO">xpath criteria: //android.view.View[@content-desc="$8.40"]</msg>
<arg>${Elm_message}</arg>
<arg>15s</arg>
<doc>Waits until element specified with `locator` is visible.</doc>
<status status="PASS" start="2025-07-22T18:04:42.454248" elapsed="0.238951"/>
</kw>
<kw name="Get Element Attribute" owner="AppiumLibrary">
<msg time="2025-07-22T18:04:42.945103" level="INFO">Element '//android.view.View[@content-desc="$8.40"]' attribute 'content-desc' value '$8.40' </msg>
<msg time="2025-07-22T18:04:42.945547" level="INFO">xpath criteria: //android.view.View[@content-desc="$8.40"]</msg>
<msg time="2025-07-22T18:04:42.945849" level="INFO">${actual} = $8.40</msg>
<var>${actual}</var>
<arg>${Elm_message}</arg>
<arg>content-desc</arg>
<doc>Get element attribute using given attribute: name, value,...</doc>
<status status="PASS" start="2025-07-22T18:04:42.693822" elapsed="0.252206"/>
</kw>
<kw name="Should Be Equal As Strings" owner="BuiltIn">
<arg>${actual}</arg>
<arg>${Expected_message}</arg>
<arg>Validation text successfully -&gt; Expected: '${Expected_message}', Observed: '${actual}'</arg>
<doc>Fails if objects are unequal after converting them to strings.</doc>
<status status="PASS" start="2025-07-22T18:04:42.946437" elapsed="0.000778"/>
</kw>
<kw name="Set Test Message" owner="BuiltIn">
<msg time="2025-07-22T18:04:42.947955" level="INFO">Set test message to:
validation error message with '$8.40'</msg>
<arg>validation error message with '${actual}'</arg>
<doc>Sets message for the current test case.</doc>
<status status="PASS" start="2025-07-22T18:04:42.947557" elapsed="0.000641"/>
</kw>
<arg>//android.view.View[@content-desc="$8.40"]</arg>
<arg>$8.40</arg>
<status status="PASS" start="2025-07-22T18:04:42.453435" elapsed="0.494987"/>
</kw>
<kw name="When Pay By Cash">
<kw name="Click on Element mobile" owner="Common">
<kw name="Wait Until Element Is Visible" owner="AppiumLibrary">
<msg time="2025-07-22T18:04:43.195608" level="INFO">xpath criteria: //android.view.View[@content-desc="Payment"]</msg>
<arg>${elm_input}</arg>
<arg>10s</arg>
<doc>Waits until element specified with `locator` is visible.</doc>
<status status="PASS" start="2025-07-22T18:04:42.952320" elapsed="0.243909"/>
</kw>
<kw name="Click Element" owner="AppiumLibrary">
<msg time="2025-07-22T18:04:43.201600" level="INFO">Clicking element '//android.view.View[@content-desc="Payment"]'.</msg>
<msg time="2025-07-22T18:04:44.357985" level="INFO">xpath criteria: //android.view.View[@content-desc="Payment"]</msg>
<arg>${elm_input}</arg>
<doc>Click element identified by `locator`.</doc>
<status status="PASS" start="2025-07-22T18:04:43.196852" elapsed="1.161882"/>
</kw>
<arg>${elm_btn_Payment}</arg>
<status status="PASS" start="2025-07-22T18:04:42.950530" elapsed="1.408657"/>
</kw>
<kw name="Click on Element mobile" owner="Common">
<kw name="Wait Until Element Is Visible" owner="AppiumLibrary">
<msg time="2025-07-22T18:04:44.541780" level="INFO">xpath criteria: //android.view.View[@content-desc="Cash"]</msg>
<arg>${elm_input}</arg>
<arg>10s</arg>
<doc>Waits until element specified with `locator` is visible.</doc>
<status status="PASS" start="2025-07-22T18:04:44.361253" elapsed="0.181075"/>
</kw>
<kw name="Click Element" owner="AppiumLibrary">
<msg time="2025-07-22T18:04:44.547708" level="INFO">Clicking element '//android.view.View[@content-desc="Cash"]'.</msg>
<msg time="2025-07-22T18:04:45.587811" level="INFO">xpath criteria: //android.view.View[@content-desc="Cash"]</msg>
<arg>${elm_input}</arg>
<doc>Click element identified by `locator`.</doc>
<status status="PASS" start="2025-07-22T18:04:44.542878" elapsed="1.045324"/>
</kw>
<arg>${elm_Option_Cash}</arg>
<status status="PASS" start="2025-07-22T18:04:44.360001" elapsed="1.228488"/>
</kw>
<kw name="Click on Element mobile" owner="Common">
<kw name="Wait Until Element Is Visible" owner="AppiumLibrary">
<msg time="2025-07-22T18:04:45.752438" level="INFO">xpath criteria: //android.view.View[@content-desc="Begin Charge"]</msg>
<arg>${elm_input}</arg>
<arg>10s</arg>
<doc>Waits until element specified with `locator` is visible.</doc>
<status status="PASS" start="2025-07-22T18:04:45.589917" elapsed="0.162988"/>
</kw>
<kw name="Click Element" owner="AppiumLibrary">
<msg time="2025-07-22T18:04:45.757685" level="INFO">Clicking element '//android.view.View[@content-desc="Begin Charge"]'.</msg>
<msg time="2025-07-22T18:04:45.921508" level="INFO">xpath criteria: //android.view.View[@content-desc="Begin Charge"]</msg>
<arg>${elm_input}</arg>
<doc>Click element identified by `locator`.</doc>
<status status="PASS" start="2025-07-22T18:04:45.753411" elapsed="0.168538"/>
</kw>
<arg>${elm_btn_BeginCharge}</arg>
<status status="PASS" start="2025-07-22T18:04:45.589107" elapsed="0.333193"/>
</kw>
<status status="PASS" start="2025-07-22T18:04:42.949806" elapsed="2.972757"/>
</kw>
<kw name="Then Check validation error message Android" owner="Common">
<kw name="Wait Until Element Is Visible" owner="AppiumLibrary">
<msg time="2025-07-22T18:04:48.705787" level="INFO">xpath criteria: //android.view.View[@content-desc="Your payment is confirmed!"]
xpath criteria: //android.view.View[@content-desc="Your payment is confirmed!"]
xpath criteria: //android.view.View[@content-desc="Your payment is confirmed!"]
xpath criteria: //android.view.View[@content-desc="Your payment is confirmed!"]</msg>
<arg>${Elm_message}</arg>
<arg>15s</arg>
<doc>Waits until element specified with `locator` is visible.</doc>
<status status="PASS" start="2025-07-22T18:04:45.924564" elapsed="2.782092"/>
</kw>
<kw name="Get Element Attribute" owner="AppiumLibrary">
<msg time="2025-07-22T18:04:48.824158" level="INFO">Element '//android.view.View[@content-desc="Your payment is confirmed!"]' attribute 'content-desc' value 'Your payment is confirmed!' </msg>
<msg time="2025-07-22T18:04:48.824604" level="INFO">xpath criteria: //android.view.View[@content-desc="Your payment is confirmed!"]</msg>
<msg time="2025-07-22T18:04:48.824931" level="INFO">${actual} = Your payment is confirmed!</msg>
<var>${actual}</var>
<arg>${Elm_message}</arg>
<arg>content-desc</arg>
<doc>Get element attribute using given attribute: name, value,...</doc>
<status status="PASS" start="2025-07-22T18:04:48.707300" elapsed="0.117820"/>
</kw>
<kw name="Should Be Equal As Strings" owner="BuiltIn">
<arg>${actual}</arg>
<arg>${Expected_message}</arg>
<arg>Validation text successfully -&gt; Expected: '${Expected_message}', Observed: '${actual}'</arg>
<doc>Fails if objects are unequal after converting them to strings.</doc>
<status status="PASS" start="2025-07-22T18:04:48.825570" elapsed="0.000835"/>
</kw>
<kw name="Set Test Message" owner="BuiltIn">
<msg time="2025-07-22T18:04:48.827171" level="INFO">Set test message to:
validation error message with 'Your payment is confirmed!'</msg>
<arg>validation error message with '${actual}'</arg>
<doc>Sets message for the current test case.</doc>
<status status="PASS" start="2025-07-22T18:04:48.826774" elapsed="0.000644"/>
</kw>
<arg>//android.view.View[@content-desc="Your payment is confirmed!"]</arg>
<arg>Your payment is confirmed!</arg>
<status status="PASS" start="2025-07-22T18:04:45.923460" elapsed="2.904185"/>
</kw>
<kw name="When Choose send receipt to Email">
<kw name="Click on Element mobile" owner="Common">
<kw name="Wait Until Element Is Visible" owner="AppiumLibrary">
<msg time="2025-07-22T18:04:48.953195" level="INFO">xpath criteria: //android.view.View[@content-desc="Email"]</msg>
<arg>${elm_input}</arg>
<arg>10s</arg>
<doc>Waits until element specified with `locator` is visible.</doc>
<status status="PASS" start="2025-07-22T18:04:48.829636" elapsed="0.123770"/>
</kw>
<kw name="Click Element" owner="AppiumLibrary">
<msg time="2025-07-22T18:04:48.955274" level="INFO">Clicking element '//android.view.View[@content-desc="Email"]'.</msg>
<msg time="2025-07-22T18:04:50.111688" level="INFO">xpath criteria: //android.view.View[@content-desc="Email"]</msg>
<arg>${elm_input}</arg>
<doc>Click element identified by `locator`.</doc>
<status status="PASS" start="2025-07-22T18:04:48.953608" elapsed="1.158579"/>
</kw>
<arg>//android.view.View[@content-desc="Email"]</arg>
<status status="PASS" start="2025-07-22T18:04:48.828983" elapsed="1.283521"/>
</kw>
<kw name="Click on Element mobile" owner="Common">
<kw name="Wait Until Element Is Visible" owner="AppiumLibrary">
<msg time="2025-07-22T18:04:52.306696" level="INFO">xpath criteria: //android.widget.EditText
xpath criteria: //android.widget.EditText
xpath criteria: //android.widget.EditText
xpath criteria: //android.widget.EditText
xpath criteria: //android.widget.EditText</msg>
<arg>${elm_input}</arg>
<arg>10s</arg>
<doc>Waits until element specified with `locator` is visible.</doc>
<status status="PASS" start="2025-07-22T18:04:50.114403" elapsed="2.192847"/>
</kw>
<kw name="Click Element" owner="AppiumLibrary">
<msg time="2025-07-22T18:04:52.311633" level="INFO">Clicking element '//android.widget.EditText'.</msg>
<msg time="2025-07-22T18:04:53.466213" level="INFO">xpath criteria: //android.widget.EditText</msg>
<arg>${elm_input}</arg>
<doc>Click element identified by `locator`.</doc>
<status status="PASS" start="2025-07-22T18:04:52.307826" elapsed="1.158951"/>
</kw>
<arg>//android.widget.EditText</arg>
<status status="PASS" start="2025-07-22T18:04:50.113145" elapsed="3.354006"/>
</kw>
<kw name="Fill Text Input mobile" owner="Common">
<kw name="Wait Until Element Is Visible" owner="AppiumLibrary">
<msg time="2025-07-22T18:04:53.578008" level="INFO">xpath criteria: //android.widget.EditText</msg>
<arg>${elm_input}</arg>
<arg>10s</arg>
<doc>Waits until element specified with `locator` is visible.</doc>
<status status="PASS" start="2025-07-22T18:04:53.468442" elapsed="0.110085"/>
</kw>
<kw name="Input Text" owner="AppiumLibrary">
<msg time="2025-07-22T18:04:53.583548" level="INFO">Typing text 'school@yopmail.com' into text field '//android.widget.EditText'</msg>
<msg time="2025-07-22T18:04:53.705885" level="INFO">xpath criteria: //android.widget.EditText</msg>
<arg>${elm_input}</arg>
<arg>${text}</arg>
<doc>Types the given `text` into text field identified by `locator`.</doc>
<status status="PASS" start="2025-07-22T18:04:53.579022" elapsed="0.127602"/>
</kw>
<arg>//android.widget.EditText</arg>
<arg>${email}</arg>
<status status="PASS" start="2025-07-22T18:04:53.467625" elapsed="0.239476"/>
</kw>
<kw name="Click on Element mobile" owner="Common">
<kw name="Wait Until Element Is Visible" owner="AppiumLibrary">
<msg time="2025-07-22T18:04:54.323190" level="INFO">xpath criteria: //android.widget.ScrollView/android.view.View[7]</msg>
<arg>${elm_input}</arg>
<arg>10s</arg>
<doc>Waits until element specified with `locator` is visible.</doc>
<status status="PASS" start="2025-07-22T18:04:53.709009" elapsed="0.614662"/>
</kw>
<kw name="Click Element" owner="AppiumLibrary">
<msg time="2025-07-22T18:04:54.328415" level="INFO">Clicking element '//android.widget.ScrollView/android.view.View[7]'.</msg>
<msg time="2025-07-22T18:04:55.330286" level="INFO">xpath criteria: //android.widget.ScrollView/android.view.View[7]</msg>
<arg>${elm_input}</arg>
<doc>Click element identified by `locator`.</doc>
<status status="PASS" start="2025-07-22T18:04:54.324186" elapsed="1.006647"/>
</kw>
<arg>//android.widget.ScrollView/android.view.View[7]</arg>
<status status="PASS" start="2025-07-22T18:04:53.707825" elapsed="1.623341"/>
</kw>
<kw name="Click on Element mobile" owner="Common">
<kw name="Wait Until Element Is Visible" owner="AppiumLibrary">
<msg time="2025-07-22T18:04:55.452058" level="INFO">xpath criteria: //android.widget.EditText[@text="school@yopmail.com"]/android.view.View</msg>
<arg>${elm_input}</arg>
<arg>10s</arg>
<doc>Waits until element specified with `locator` is visible.</doc>
<status status="PASS" start="2025-07-22T18:04:55.332818" elapsed="0.120128"/>
</kw>
<kw name="Click Element" owner="AppiumLibrary">
<msg time="2025-07-22T18:04:55.458039" level="INFO">Clicking element '//android.widget.EditText[@text="school@yopmail.com"]/android.view.View'.</msg>
<msg time="2025-07-22T18:04:56.128488" level="INFO">xpath criteria: //android.widget.EditText[@text="school@yopmail.com"]/android.view.View</msg>
<arg>${elm_input}</arg>
<doc>Click element identified by `locator`.</doc>
<status status="PASS" start="2025-07-22T18:04:55.453888" elapsed="0.675165"/>
</kw>
<arg>//android.widget.EditText[@text="${email}"]/android.view.View</arg>
<status status="PASS" start="2025-07-22T18:04:55.331736" elapsed="0.797713"/>
</kw>
<kw name="Click on Element mobile" owner="Common">
<kw name="Wait Until Element Is Visible" owner="AppiumLibrary">
<msg time="2025-07-22T18:04:56.275540" level="INFO">xpath criteria: //android.view.View[@content-desc="SEND"]</msg>
<arg>${elm_input}</arg>
<arg>10s</arg>
<doc>Waits until element specified with `locator` is visible.</doc>
<status status="PASS" start="2025-07-22T18:04:56.131129" elapsed="0.145062"/>
</kw>
<kw name="Click Element" owner="AppiumLibrary">
<msg time="2025-07-22T18:04:56.281381" level="INFO">Clicking element '//android.view.View[@content-desc="SEND"]'.</msg>
<msg time="2025-07-22T18:04:58.125369" level="INFO">xpath criteria: //android.view.View[@content-desc="SEND"]</msg>
<arg>${elm_input}</arg>
<doc>Click element identified by `locator`.</doc>
<status status="PASS" start="2025-07-22T18:04:56.276880" elapsed="1.848871"/>
</kw>
<arg>//android.view.View[@content-desc="SEND"]</arg>
<status status="PASS" start="2025-07-22T18:04:56.130089" elapsed="1.995952"/>
</kw>
<arg>school@yopmail.com</arg>
<status status="PASS" start="2025-07-22T18:04:48.828267" elapsed="9.297989"/>
</kw>
<kw name="Then Check validation error message Android" owner="Common">
<kw name="Wait Until Element Is Visible" owner="AppiumLibrary">
<msg time="2025-07-22T18:04:58.261855" level="INFO">xpath criteria: //android.view.View[@content-desc="Send Receipt Successfully"]</msg>
<arg>${Elm_message}</arg>
<arg>15s</arg>
<doc>Waits until element specified with `locator` is visible.</doc>
<status status="PASS" start="2025-07-22T18:04:58.127863" elapsed="0.134611"/>
</kw>
<kw name="Get Element Attribute" owner="AppiumLibrary">
<msg time="2025-07-22T18:04:58.366354" level="INFO">Element '//android.view.View[@content-desc="Send Receipt Successfully"]' attribute 'content-desc' value 'Send Receipt Successfully' </msg>
<msg time="2025-07-22T18:04:58.366733" level="INFO">xpath criteria: //android.view.View[@content-desc="Send Receipt Successfully"]</msg>
<msg time="2025-07-22T18:04:58.367027" level="INFO">${actual} = Send Receipt Successfully</msg>
<var>${actual}</var>
<arg>${Elm_message}</arg>
<arg>content-desc</arg>
<doc>Get element attribute using given attribute: name, value,...</doc>
<status status="PASS" start="2025-07-22T18:04:58.263041" elapsed="0.104162"/>
</kw>
<kw name="Should Be Equal As Strings" owner="BuiltIn">
<arg>${actual}</arg>
<arg>${Expected_message}</arg>
<arg>Validation text successfully -&gt; Expected: '${Expected_message}', Observed: '${actual}'</arg>
<doc>Fails if objects are unequal after converting them to strings.</doc>
<status status="PASS" start="2025-07-22T18:04:58.367633" elapsed="0.000741"/>
</kw>
<kw name="Set Test Message" owner="BuiltIn">
<msg time="2025-07-22T18:04:58.369106" level="INFO">Set test message to:
validation error message with 'Send Receipt Successfully'</msg>
<arg>validation error message with '${actual}'</arg>
<doc>Sets message for the current test case.</doc>
<status status="PASS" start="2025-07-22T18:04:58.368714" elapsed="0.000627"/>
</kw>
<arg>//android.view.View[@content-desc="Send Receipt Successfully"]</arg>
<arg>Send Receipt Successfully</arg>
<status status="PASS" start="2025-07-22T18:04:58.126995" elapsed="0.242569"/>
</kw>
<kw name="When Choose No Receipt">
<kw name="Click on Element mobile" owner="Common">
<kw name="Wait Until Element Is Visible" owner="AppiumLibrary">
<msg time="2025-07-22T18:04:58.468723" level="INFO">xpath criteria: //android.view.View[@content-desc="No receipt"]</msg>
<arg>${elm_input}</arg>
<arg>10s</arg>
<doc>Waits until element specified with `locator` is visible.</doc>
<status status="PASS" start="2025-07-22T18:04:58.371767" elapsed="0.097433"/>
</kw>
<kw name="Click Element" owner="AppiumLibrary">
<msg time="2025-07-22T18:04:58.474039" level="INFO">Clicking element '//android.view.View[@content-desc="No receipt"]'.</msg>
<msg time="2025-07-22T18:04:58.600895" level="INFO">xpath criteria: //android.view.View[@content-desc="No receipt"]</msg>
<arg>${elm_input}</arg>
<doc>Click element identified by `locator`.</doc>
<status status="PASS" start="2025-07-22T18:04:58.469712" elapsed="0.131898"/>
</kw>
<arg>${elm_Option_NoReceipt}</arg>
<status status="PASS" start="2025-07-22T18:04:58.371068" elapsed="0.231220"/>
</kw>
<status status="PASS" start="2025-07-22T18:04:58.370338" elapsed="0.232272"/>
</kw>
<status status="PASS" start="2025-07-22T18:04:38.070935" elapsed="20.532398">validation error message with 'Send Receipt Successfully'</status>
</test>
<kw name="Basic TearDowns Android" owner="Common" type="TEARDOWN">
<kw name="Sleep" owner="BuiltIn">
<msg time="2025-07-22T18:05:01.609220" level="INFO">Slept 3 seconds.</msg>
<arg>3</arg>
<doc>Pauses the test executed for the given time.</doc>
<status status="PASS" start="2025-07-22T18:04:58.606549" elapsed="3.003337"/>
</kw>
<kw name="Close Application" owner="AppiumLibrary">
<doc>Closes the current application and also close webdriver session.</doc>
<status status="PASS" start="2025-07-22T18:05:01.610446" elapsed="0.446069"/>
</kw>
<status status="PASS" start="2025-07-22T18:04:58.605848" elapsed="3.451045"/>
</kw>
<status status="PASS" start="2025-07-22T18:04:32.842472" elapsed="29.214590"/>
</suite>
<statistics>
<total>
<stat pass="1" fail="0" skip="0">All Tests</stat>
</total>
<tag>
</tag>
<suite>
<stat name="CheckOutAndroid" id="s1" pass="1" fail="0" skip="0">CheckOutAndroid</stat>
</suite>
</statistics>
<errors>
</errors>
</robot>
